###############################################################################
#
# IAR ANSI C/C++ Compiler V7.20.2.7424/W32 for ARM        16/Aug/2016  13:54:37
# Copyright 1999-2014 IAR Systems AB.
#
#    Cpu mode     =  thumb
#    Endian       =  little
#    Source file  =  E:\LPLD_OSKinetis_V3.1\project\balanceNewCar\app\angle.c
#    Command line =  
#        E:\LPLD_OSKinetis_V3.1\project\balanceNewCar\app\angle.c -D LPLD_K60
#        -D USE_K60D10 -lCN
#        E:\LPLD_OSKinetis_V3.1\project\balanceNewCar\iar\FLASH\List\ -lB
#        E:\LPLD_OSKinetis_V3.1\project\balanceNewCar\iar\FLASH\List\ -o
#        E:\LPLD_OSKinetis_V3.1\project\balanceNewCar\iar\FLASH\Obj\ --no_cse
#        --no_unroll --no_inline --no_code_motion --no_tbaa --no_clustering
#        --no_scheduling --debug --endian=little --cpu=Cortex-M4 -e --fpu=None
#        --dlib_config "F:\Program
#        Files\IAR_FOR_ARM\arm\INC\c\DLib_Config_Normal.h" -I
#        E:\LPLD_OSKinetis_V3.1\project\balanceNewCar\iar\..\app\ -I
#        E:\LPLD_OSKinetis_V3.1\project\balanceNewCar\iar\..\..\..\lib\CPU\ -I
#        E:\LPLD_OSKinetis_V3.1\project\balanceNewCar\iar\..\..\..\lib\common\
#        -I E:\LPLD_OSKinetis_V3.1\project\balanceNewCar\iar\..\..\..\lib\LPLD\
#        -I
#        E:\LPLD_OSKinetis_V3.1\project\balanceNewCar\iar\..\..\..\lib\LPLD\HW\
#        -I
#        E:\LPLD_OSKinetis_V3.1\project\balanceNewCar\iar\..\..\..\lib\LPLD\DEV\
#        -I
#        E:\LPLD_OSKinetis_V3.1\project\balanceNewCar\iar\..\..\..\lib\LPLD\FUNC\
#        -I
#        E:\LPLD_OSKinetis_V3.1\project\balanceNewCar\iar\..\..\..\lib\uCOS-II\Ports\
#        -I
#        E:\LPLD_OSKinetis_V3.1\project\balanceNewCar\iar\..\..\..\lib\uCOS-II\Source\
#        -I
#        E:\LPLD_OSKinetis_V3.1\project\balanceNewCar\iar\..\..\..\lib\FatFs\
#        -I
#        E:\LPLD_OSKinetis_V3.1\project\balanceNewCar\iar\..\..\..\lib\FatFs\option\
#        -I
#        E:\LPLD_OSKinetis_V3.1\project\balanceNewCar\iar\..\..\..\lib\USB\common\
#        -I
#        E:\LPLD_OSKinetis_V3.1\project\balanceNewCar\iar\..\..\..\lib\USB\driver\
#        -I
#        E:\LPLD_OSKinetis_V3.1\project\balanceNewCar\iar\..\..\..\lib\USB\descriptor\
#        -I
#        E:\LPLD_OSKinetis_V3.1\project\balanceNewCar\iar\..\..\..\lib\USB\class\
#        -Ol -I "F:\Program Files\IAR_FOR_ARM\arm\CMSIS\Include\" -D
#        ARM_MATH_CM4
#    List file    =  
#        E:\LPLD_OSKinetis_V3.1\project\balanceNewCar\iar\FLASH\List\angle.lst
#    Object file  =  
#        E:\LPLD_OSKinetis_V3.1\project\balanceNewCar\iar\FLASH\Obj\angle.o
#
###############################################################################

E:\LPLD_OSKinetis_V3.1\project\balanceNewCar\app\angle.c
      1          #include "angle.h"
      2          
      3          //-----------变量定义------------//
      4          /*①普通变量*/

   \                                 In section .bss, align 4
      5          int ji=0;//陀螺仪初值计数量
   \                     ji:
   \   00000000                      DS8 4

   \                                 In section .bss, align 4
      6          int   count=0;//AD采样计数变量
   \                     count:
   \   00000000                      DS8 4
      7          /*②加速度计的变量*/

   \                                 In section .bss, align 4
      8          float   ad_z[10],ad_x[10];//加速度计Z、X轴采样值预存数组
   \                     ad_z:
   \   00000000                      DS8 40

   \                                 In section .bss, align 4
   \                     ad_x:
   \   00000000                      DS8 40

   \                                 In section .bss, align 4
      9          float   AD_Z=0,AD_X=0;//加速计滤波后的数据
   \                     AD_Z:
   \   00000000                      DS8 4

   \                                 In section .bss, align 4
   \                     AD_X:
   \   00000000                      DS8 4

   \                                 In section .bss, align 4
     10          float value_Z=0,value_X=0;//实际加速度值
   \                     value_Z:
   \   00000000                      DS8 4

   \                                 In section .bss, align 4
   \                     value_X:
   \   00000000                      DS8 4

   \                                 In section .bss, align 4
     11          float ZZZ=0;//用来测试加速度计
   \                     ZZZ:
   \   00000000                      DS8 4
     12          /*③陀螺仪的变量*/

   \                                 In section .bss, align 4
     13          float accl_angle_Y=0;//加速度计计算到的角度值
   \                     accl_angle_Y:
   \   00000000                      DS8 4

   \                                 In section .bss, align 4
     14          float gyro0_AR1=0;//陀螺仪Y轴零点AD量 
   \                     gyro0_AR1:
   \   00000000                      DS8 4

   \                                 In section .bss, align 4
     15          float gyro0_AR2=0;//陀螺仪X轴零点AD量
   \                     gyro0_AR2:
   \   00000000                      DS8 4

   \                                 In section .bss, align 4
     16          int ad_gyro_y=0;//陀螺仪Y轴实时AD量
   \                     ad_gyro_y:
   \   00000000                      DS8 4

   \                                 In section .bss, align 4
     17          int ad_gyro_x=0;//陀螺仪Y轴实时AD量
   \                     ad_gyro_x:
   \   00000000                      DS8 4

   \                                 In section .bss, align 4
     18          float gyro_speed_y=0,gyro_speed_x=0;//陀螺仪角速度变量
   \                     gyro_speed_y:
   \   00000000                      DS8 4

   \                                 In section .bss, align 4
   \                     gyro_speed_x:
   \   00000000                      DS8 4

   \                                 In section .bss, align 4
     19          float angle_change=0;//用来测试陀螺仪的比例系数
   \                     angle_change:
   \   00000000                      DS8 4
     20          /*④最后的角度值*/

   \                                 In section .bss, align 4
     21          float angle=0;                     
   \                     angle:
   \   00000000                      DS8 4
     22          
     23          //=====================互补滤波=================// 

   \                                 In section .text, align 2, keep-with-next
     24          void one_complementation(float gyro_y,float accl_y)
     25          {
   \                     one_complementation: (+1)
   \   00000000   0xE92D 0x41F0      PUSH     {R4-R8,LR}
   \   00000004   0x4680             MOV      R8,R0
   \   00000006   0x000E             MOVS     R6,R1
     26            float K1 =0.02; // 对加速度计取值的权重
   \   00000008   0x....             LDR.N    R7,??DataTable4  ;; 0x3ca3d70a
     27            angle=(angle+gyro_y*gyro_time)*(1-K1)+accl_y*K1;//一阶互补滤波
   \   0000000A   0x....             LDR.N    R0,??DataTable4_1
   \   0000000C   0x6800             LDR      R0,[R0, #+0]
   \   0000000E   0x.... 0x....      BL       __aeabi_f2d
   \   00000012   0x0004             MOVS     R4,R0
   \   00000014   0x000D             MOVS     R5,R1
   \   00000016   0x4640             MOV      R0,R8
   \   00000018   0x.... 0x....      BL       __aeabi_f2d
   \   0000001C   0x....             LDR.N    R2,??DataTable4_2  ;; 0x47ae147b
   \   0000001E   0x....             LDR.N    R3,??DataTable4_3  ;; 0x3f747ae1
   \   00000020   0x.... 0x....      BL       __aeabi_dmul
   \   00000024   0x0022             MOVS     R2,R4
   \   00000026   0x002B             MOVS     R3,R5
   \   00000028   0x.... 0x....      BL       __aeabi_dadd
   \   0000002C   0x0004             MOVS     R4,R0
   \   0000002E   0x000D             MOVS     R5,R1
   \   00000030   0xF05F 0x507E      MOVS     R0,#+1065353216
   \   00000034   0x0039             MOVS     R1,R7
   \   00000036   0x.... 0x....      BL       __aeabi_fsub
   \   0000003A   0x.... 0x....      BL       __aeabi_f2d
   \   0000003E   0x0022             MOVS     R2,R4
   \   00000040   0x002B             MOVS     R3,R5
   \   00000042   0x.... 0x....      BL       __aeabi_dmul
   \   00000046   0x0004             MOVS     R4,R0
   \   00000048   0x000D             MOVS     R5,R1
   \   0000004A   0x0030             MOVS     R0,R6
   \   0000004C   0x0039             MOVS     R1,R7
   \   0000004E   0x.... 0x....      BL       __aeabi_fmul
   \   00000052   0x.... 0x....      BL       __aeabi_f2d
   \   00000056   0x0022             MOVS     R2,R4
   \   00000058   0x002B             MOVS     R3,R5
   \   0000005A   0x.... 0x....      BL       __aeabi_dadd
   \   0000005E   0x.... 0x....      BL       __aeabi_d2f
   \   00000062   0x....             LDR.N    R1,??DataTable4_1
   \   00000064   0x6008             STR      R0,[R1, #+0]
     28          }
   \   00000066   0xE8BD 0x81F0      POP      {R4-R8,PC}       ;; return
     29          //=====================零点取值=================// 

   \                                 In section .text, align 2, keep-with-next
     30          void get_0(void)
     31          {
   \                     get_0: (+1)
   \   00000000   0xB570             PUSH     {R4-R6,LR}
     32            int i;
     33            float add0=0,add1=0;
   \   00000002   0x2500             MOVS     R5,#+0
   \   00000004   0x2600             MOVS     R6,#+0
     34            for(i=0;i<1000;i++)
   \   00000006   0x2400             MOVS     R4,#+0
   \   00000008   0xE01C             B.N      ??get_0_0
     35            {
     36              add0=(float)(LPLD_ADC_Get(ADC1,AD6));//Y角速度量
   \                     ??get_0_1: (+1)
   \   0000000A   0x2106             MOVS     R1,#+6
   \   0000000C   0x....             LDR.N    R0,??DataTable4_4  ;; 0x400bb000
   \   0000000E   0x.... 0x....      BL       LPLD_ADC_Get
   \   00000012   0x.... 0x....      BL       __aeabi_ui2f
   \   00000016   0x0005             MOVS     R5,R0
     37              add1=(float)(LPLD_ADC_Get(ADC1,AD7));//X角速度量
   \   00000018   0x2107             MOVS     R1,#+7
   \   0000001A   0x....             LDR.N    R0,??DataTable4_4  ;; 0x400bb000
   \   0000001C   0x.... 0x....      BL       LPLD_ADC_Get
   \   00000020   0x.... 0x....      BL       __aeabi_ui2f
   \   00000024   0x0006             MOVS     R6,R0
     38              gyro0_AR1+=add0;
   \   00000026   0x....             LDR.N    R0,??DataTable4_5
   \   00000028   0x6801             LDR      R1,[R0, #+0]
   \   0000002A   0x0028             MOVS     R0,R5
   \   0000002C   0x.... 0x....      BL       __aeabi_fadd
   \   00000030   0x....             LDR.N    R1,??DataTable4_5
   \   00000032   0x6008             STR      R0,[R1, #+0]
     39              gyro0_AR2+=add1;
   \   00000034   0x....             LDR.N    R0,??DataTable4_6
   \   00000036   0x6801             LDR      R1,[R0, #+0]
   \   00000038   0x0030             MOVS     R0,R6
   \   0000003A   0x.... 0x....      BL       __aeabi_fadd
   \   0000003E   0x....             LDR.N    R1,??DataTable4_6
   \   00000040   0x6008             STR      R0,[R1, #+0]
     40            }
   \   00000042   0x1C64             ADDS     R4,R4,#+1
   \                     ??get_0_0: (+1)
   \   00000044   0xF5B4 0x7F7A      CMP      R4,#+1000
   \   00000048   0xDBDF             BLT.N    ??get_0_1
     41            gyro0_AR1=gyro0_AR1/1000;
   \   0000004A   0x....             LDR.N    R0,??DataTable4_5
   \   0000004C   0x6800             LDR      R0,[R0, #+0]
   \   0000004E   0x....             LDR.N    R1,??DataTable4_7  ;; 0x447a0000
   \   00000050   0x.... 0x....      BL       __aeabi_fdiv
   \   00000054   0x....             LDR.N    R1,??DataTable4_5
   \   00000056   0x6008             STR      R0,[R1, #+0]
     42            gyro0_AR2=gyro0_AR2/1000;
   \   00000058   0x....             LDR.N    R0,??DataTable4_6
   \   0000005A   0x6800             LDR      R0,[R0, #+0]
   \   0000005C   0x....             LDR.N    R1,??DataTable4_7  ;; 0x447a0000
   \   0000005E   0x.... 0x....      BL       __aeabi_fdiv
   \   00000062   0x....             LDR.N    R1,??DataTable4_6
   \   00000064   0x6008             STR      R0,[R1, #+0]
     43          }
   \   00000066   0xBD70             POP      {R4-R6,PC}       ;; return
     44          //=========================普通滤波====================//  

   \                                 In section .text, align 2, keep-with-next
     45          float lvbo(float aa[]) 
     46          {
   \                     lvbo: (+1)
   \   00000000   0xE92D 0x41F0      PUSH     {R4-R8,LR}
   \   00000004   0x0004             MOVS     R4,R0
     47            int i;
     48            float max,min,sum=0;
   \   00000006   0xF05F 0x0800      MOVS     R8,#+0
     49            max=min=aa[0];
   \   0000000A   0x6827             LDR      R7,[R4, #+0]
   \   0000000C   0x003E             MOVS     R6,R7
     50            for(i=0;i<10;i++) {
   \   0000000E   0x2500             MOVS     R5,#+0
   \   00000010   0xE008             B.N      ??lvbo_0
     51              sum+=aa[i];
     52              if(aa[i]<min)
     53                min=aa[i];
     54              else if(aa[i]>max)
   \                     ??lvbo_1: (+1)
   \   00000012   0x0030             MOVS     R0,R6
   \   00000014   0xF854 0x1025      LDR      R1,[R4, R5, LSL #+2]
   \   00000018   0x.... 0x....      BL       __aeabi_cfcmple
   \   0000001C   0xD201             BCS.N    ??lvbo_2
     55                max=aa[i];
   \   0000001E   0xF854 0x6025      LDR      R6,[R4, R5, LSL #+2]
   \                     ??lvbo_2: (+1)
   \   00000022   0x1C6D             ADDS     R5,R5,#+1
   \                     ??lvbo_0: (+1)
   \   00000024   0x2D0A             CMP      R5,#+10
   \   00000026   0xDA0E             BGE.N    ??lvbo_3
   \   00000028   0xF854 0x0025      LDR      R0,[R4, R5, LSL #+2]
   \   0000002C   0x4641             MOV      R1,R8
   \   0000002E   0x.... 0x....      BL       __aeabi_fadd
   \   00000032   0x4680             MOV      R8,R0
   \   00000034   0xF854 0x0025      LDR      R0,[R4, R5, LSL #+2]
   \   00000038   0x0039             MOVS     R1,R7
   \   0000003A   0x.... 0x....      BL       __aeabi_cfcmple
   \   0000003E   0xD2E8             BCS.N    ??lvbo_1
   \   00000040   0xF854 0x7025      LDR      R7,[R4, R5, LSL #+2]
   \   00000044   0xE7ED             B.N      ??lvbo_2
     56            }
     57            sum=(sum-max-min)/8;
   \                     ??lvbo_3: (+1)
   \   00000046   0x4640             MOV      R0,R8
   \   00000048   0x0031             MOVS     R1,R6
   \   0000004A   0x.... 0x....      BL       __aeabi_fsub
   \   0000004E   0x0039             MOVS     R1,R7
   \   00000050   0x.... 0x....      BL       __aeabi_fsub
   \   00000054   0xF05F 0x4182      MOVS     R1,#+1090519040
   \   00000058   0x.... 0x....      BL       __aeabi_fdiv
   \   0000005C   0x4680             MOV      R8,R0
     58            return sum;
   \   0000005E   0x4640             MOV      R0,R8
   \   00000060   0xE8BD 0x81F0      POP      {R4-R8,PC}       ;; return
     59          }
     60          //--------------------AD采样-----------------------// 
     61          /***陀螺仪AD采样***/

   \                                 In section .text, align 2, keep-with-next
     62          void get_gyro()   
     63          {   
   \                     get_gyro: (+1)
   \   00000000   0xB580             PUSH     {R7,LR}
     64            ad_gyro_y=LPLD_ADC_Get(ADC1,AD6);
   \   00000002   0x2106             MOVS     R1,#+6
   \   00000004   0x....             LDR.N    R0,??DataTable4_4  ;; 0x400bb000
   \   00000006   0x.... 0x....      BL       LPLD_ADC_Get
   \   0000000A   0x....             LDR.N    R1,??DataTable4_8
   \   0000000C   0x6008             STR      R0,[R1, #+0]
     65            ad_gyro_x=LPLD_ADC_Get(ADC1,AD7);
   \   0000000E   0x2107             MOVS     R1,#+7
   \   00000010   0x....             LDR.N    R0,??DataTable4_4  ;; 0x400bb000
   \   00000012   0x.... 0x....      BL       LPLD_ADC_Get
   \   00000016   0x....             LDR.N    R1,??DataTable4_9
   \   00000018   0x6008             STR      R0,[R1, #+0]
     66            gyro_speed_y=-(float)((ad_gyro_y-gyro0_AR1)*gyro_value_y);//角速度=-(陀螺仪AD采样值-陀螺仪零点AD值)*陀螺仪比例换算系数
   \   0000001A   0x....             LDR.N    R0,??DataTable4_8
   \   0000001C   0x6800             LDR      R0,[R0, #+0]
   \   0000001E   0x.... 0x....      BL       __aeabi_i2f
   \   00000022   0x....             LDR.N    R1,??DataTable4_5
   \   00000024   0x6809             LDR      R1,[R1, #+0]
   \   00000026   0x.... 0x....      BL       __aeabi_fsub
   \   0000002A   0x.... 0x....      BL       __aeabi_f2d
   \   0000002E   0x....             LDR.N    R2,??DataTable4_10  ;; 0x9999999a
   \   00000030   0x....             LDR.N    R3,??DataTable4_11  ;; 0x40229999
   \   00000032   0x.... 0x....      BL       __aeabi_dmul
   \   00000036   0x.... 0x....      BL       __aeabi_d2f
   \   0000003A   0xF090 0x4000      EORS     R0,R0,#0x80000000
   \   0000003E   0x....             LDR.N    R1,??DataTable4_12
   \   00000040   0x6008             STR      R0,[R1, #+0]
     67            gyro_speed_x=(float)((ad_gyro_x-gyro0_AR2)*gyro_value_x);
   \   00000042   0x....             LDR.N    R0,??DataTable4_9
   \   00000044   0x6800             LDR      R0,[R0, #+0]
   \   00000046   0x.... 0x....      BL       __aeabi_i2f
   \   0000004A   0x....             LDR.N    R1,??DataTable4_6
   \   0000004C   0x6809             LDR      R1,[R1, #+0]
   \   0000004E   0x.... 0x....      BL       __aeabi_fsub
   \   00000052   0x.... 0x....      BL       __aeabi_f2d
   \   00000056   0x2200             MOVS     R2,#+0
   \   00000058   0x....             LDR.N    R3,??DataTable4_13  ;; 0x3ff00000
   \   0000005A   0x.... 0x....      BL       __aeabi_dmul
   \   0000005E   0x2200             MOVS     R2,#+0
   \   00000060   0x....             LDR.N    R3,??DataTable4_14  ;; 0x40100000
   \   00000062   0x.... 0x....      BL       __aeabi_ddiv
   \   00000066   0x.... 0x....      BL       __aeabi_d2f
   \   0000006A   0x....             LDR.N    R1,??DataTable4_15
   \   0000006C   0x6008             STR      R0,[R1, #+0]
     68            //angle_change+=gyro_speed_y*gyro_time;
     69          }
   \   0000006E   0xBD01             POP      {R0,PC}          ;; return
     70          /***加速度计AD采样***/

   \                                 In section .text, align 2, keep-with-next
     71          void get_accl() 
     72          {
   \                     get_accl: (+1)
   \   00000000   0xB580             PUSH     {R7,LR}
     73            if(count==10)   count=0;
   \   00000002   0x....             LDR.N    R0,??DataTable4_16
   \   00000004   0x6800             LDR      R0,[R0, #+0]
   \   00000006   0x280A             CMP      R0,#+10
   \   00000008   0xD102             BNE.N    ??get_accl_0
   \   0000000A   0x2000             MOVS     R0,#+0
   \   0000000C   0x....             LDR.N    R1,??DataTable4_16
   \   0000000E   0x6008             STR      R0,[R1, #+0]
     74            ad_z[count]=LPLD_MMA8451_GetResult(MMA8451_STATUS_X_READY, MMA8451_REG_OUTZ_MSB);//z轴加速度AD采样
   \                     ??get_accl_0: (+1)
   \   00000010   0x2105             MOVS     R1,#+5
   \   00000012   0x2001             MOVS     R0,#+1
   \   00000014   0x.... 0x....      BL       LPLD_MMA8451_GetResult
   \   00000018   0xB200             SXTH     R0,R0            ;; SignExt  R0,R0,#+16,#+16
   \   0000001A   0x.... 0x....      BL       __aeabi_i2f
   \   0000001E   0x....             LDR.N    R1,??DataTable4_17
   \   00000020   0x....             LDR.N    R2,??DataTable4_16
   \   00000022   0x6812             LDR      R2,[R2, #+0]
   \   00000024   0xF841 0x0022      STR      R0,[R1, R2, LSL #+2]
     75          //  ad_x[count]=LPLD_MMA8451_GetResult(MMA8451_STATUS_X_READY, MMA8451_REG_OUTX_MSB);//x轴加速度AD采样
     76            count++;//数据采样计数量
   \   00000028   0x....             LDR.N    R0,??DataTable4_16
   \   0000002A   0x6800             LDR      R0,[R0, #+0]
   \   0000002C   0x1C40             ADDS     R0,R0,#+1
   \   0000002E   0x....             LDR.N    R1,??DataTable4_16
   \   00000030   0x6008             STR      R0,[R1, #+0]
     77          }
   \   00000032   0xBD01             POP      {R0,PC}          ;; return
     78          //--------------------角度融合-----------------------// 

   \                                 In section .text, align 2, keep-with-next
     79          void ronghe_angle()
     80          {
   \                     ronghe_angle: (+1)
   \   00000000   0xB580             PUSH     {R7,LR}
     81            AD_Z=lvbo(ad_z);//加速度Z轴取得滤波后的值
   \   00000002   0x....             LDR.N    R0,??DataTable4_17
   \   00000004   0x.... 0x....      BL       lvbo
   \   00000008   0x....             LDR.N    R1,??DataTable4_18
   \   0000000A   0x6008             STR      R0,[R1, #+0]
     82          //  AD_X=lvbo(ad_x);//加速度X轴取得滤波后的值
     83            value_Z=0.00025*AD_Z;
   \   0000000C   0x....             LDR.N    R0,??DataTable4_18
   \   0000000E   0x6800             LDR      R0,[R0, #+0]
   \   00000010   0x.... 0x....      BL       __aeabi_f2d
   \   00000014   0x....             LDR.N    R2,??DataTable4_19  ;; 0xd2f1a9fc
   \   00000016   0x....             LDR.N    R3,??DataTable4_20  ;; 0x3f30624d
   \   00000018   0x.... 0x....      BL       __aeabi_dmul
   \   0000001C   0x.... 0x....      BL       __aeabi_d2f
   \   00000020   0x....             LDR.N    R1,??DataTable4_21
   \   00000022   0x6008             STR      R0,[R1, #+0]
     84          //  value_X=0.00025*AD_X;
     85            
     86            if(value_Z>0.95)  value_Z=0.95;
   \   00000024   0x....             LDR.N    R0,??DataTable4_21
   \   00000026   0x6800             LDR      R0,[R0, #+0]
   \   00000028   0x....             LDR.N    R1,??DataTable4_22  ;; 0x3f733334
   \   0000002A   0x.... 0x....      BL       __aeabi_cfrcmple
   \   0000002E   0xD802             BHI.N    ??ronghe_angle_0
   \   00000030   0x....             LDR.N    R0,??DataTable4_23  ;; 0x3f733333
   \   00000032   0x....             LDR.N    R1,??DataTable4_21
   \   00000034   0x6008             STR      R0,[R1, #+0]
     87            if(value_Z<-0.95)  value_Z=-0.95;
   \                     ??ronghe_angle_0: (+1)
   \   00000036   0x....             LDR.N    R0,??DataTable4_21
   \   00000038   0x6800             LDR      R0,[R0, #+0]
   \   0000003A   0x....             LDR.N    R1,??DataTable4_24  ;; 0xbf733333
   \   0000003C   0x.... 0x....      BL       __aeabi_cfcmple
   \   00000040   0xD202             BCS.N    ??ronghe_angle_1
   \   00000042   0x....             LDR.N    R0,??DataTable4_24  ;; 0xbf733333
   \   00000044   0x....             LDR.N    R1,??DataTable4_21
   \   00000046   0x6008             STR      R0,[R1, #+0]
     88          //  if(value_X>1)  value_X=1;
     89          //  if(value_X<-1)  value_X=-1;
     90          //  accl_angle_X=(float)(atan2(value_Z,value_X)/PAI*180.0);
     91            accl_angle_Y=(float)(asin(value_Z)/PAI*180);//加速度计得到的Y方向角度值
   \                     ??ronghe_angle_1: (+1)
   \   00000048   0x....             LDR.N    R0,??DataTable4_21
   \   0000004A   0x6800             LDR      R0,[R0, #+0]
   \   0000004C   0x.... 0x....      BL       __aeabi_f2d
   \   00000050   0x.... 0x....      BL       asin
   \   00000054   0x....             LDR.N    R2,??DataTable4_25  ;; 0x82c2bd7f
   \   00000056   0x....             LDR.N    R3,??DataTable4_26  ;; 0x400921fb
   \   00000058   0x.... 0x....      BL       __aeabi_ddiv
   \   0000005C   0x2200             MOVS     R2,#+0
   \   0000005E   0x....             LDR.N    R3,??DataTable4_27  ;; 0x40668000
   \   00000060   0x.... 0x....      BL       __aeabi_dmul
   \   00000064   0x.... 0x....      BL       __aeabi_d2f
   \   00000068   0x....             LDR.N    R1,??DataTable4_28
   \   0000006A   0x6008             STR      R0,[R1, #+0]
     92            if(ji==0)  {angle+=accl_angle_Y;ji=1;}//记录第一次的角度为加速度的开始角度        
   \   0000006C   0x....             LDR.N    R0,??DataTable4_29
   \   0000006E   0x6800             LDR      R0,[R0, #+0]
   \   00000070   0x2800             CMP      R0,#+0
   \   00000072   0xD10A             BNE.N    ??ronghe_angle_2
   \   00000074   0x....             LDR.N    R0,??DataTable4_1
   \   00000076   0x6801             LDR      R1,[R0, #+0]
   \   00000078   0x....             LDR.N    R0,??DataTable4_28
   \   0000007A   0x6800             LDR      R0,[R0, #+0]
   \   0000007C   0x.... 0x....      BL       __aeabi_fadd
   \   00000080   0x....             LDR.N    R1,??DataTable4_1
   \   00000082   0x6008             STR      R0,[R1, #+0]
   \   00000084   0x2001             MOVS     R0,#+1
   \   00000086   0x....             LDR.N    R1,??DataTable4_29
   \   00000088   0x6008             STR      R0,[R1, #+0]
     93            one_complementation(gyro_speed_y,accl_angle_Y);//互补滤波
   \                     ??ronghe_angle_2: (+1)
   \   0000008A   0x....             LDR.N    R0,??DataTable4_28
   \   0000008C   0x6801             LDR      R1,[R0, #+0]
   \   0000008E   0x....             LDR.N    R0,??DataTable4_12
   \   00000090   0x6800             LDR      R0,[R0, #+0]
   \   00000092   0x.... 0x....      BL       one_complementation
     94          }
   \   00000096   0xBD01             POP      {R0,PC}          ;; return

   \                                 In section .text, align 4, keep-with-next
   \                     ??DataTable4:
   \   00000000   0x3CA3D70A         DC32     0x3ca3d70a

   \                                 In section .text, align 4, keep-with-next
   \                     ??DataTable4_1:
   \   00000000   0x........         DC32     angle

   \                                 In section .text, align 4, keep-with-next
   \                     ??DataTable4_2:
   \   00000000   0x47AE147B         DC32     0x47ae147b

   \                                 In section .text, align 4, keep-with-next
   \                     ??DataTable4_3:
   \   00000000   0x3F747AE1         DC32     0x3f747ae1

   \                                 In section .text, align 4, keep-with-next
   \                     ??DataTable4_4:
   \   00000000   0x400BB000         DC32     0x400bb000

   \                                 In section .text, align 4, keep-with-next
   \                     ??DataTable4_5:
   \   00000000   0x........         DC32     gyro0_AR1

   \                                 In section .text, align 4, keep-with-next
   \                     ??DataTable4_6:
   \   00000000   0x........         DC32     gyro0_AR2

   \                                 In section .text, align 4, keep-with-next
   \                     ??DataTable4_7:
   \   00000000   0x447A0000         DC32     0x447a0000

   \                                 In section .text, align 4, keep-with-next
   \                     ??DataTable4_8:
   \   00000000   0x........         DC32     ad_gyro_y

   \                                 In section .text, align 4, keep-with-next
   \                     ??DataTable4_9:
   \   00000000   0x........         DC32     ad_gyro_x

   \                                 In section .text, align 4, keep-with-next
   \                     ??DataTable4_10:
   \   00000000   0x9999999A         DC32     0x9999999a

   \                                 In section .text, align 4, keep-with-next
   \                     ??DataTable4_11:
   \   00000000   0x40229999         DC32     0x40229999

   \                                 In section .text, align 4, keep-with-next
   \                     ??DataTable4_12:
   \   00000000   0x........         DC32     gyro_speed_y

   \                                 In section .text, align 4, keep-with-next
   \                     ??DataTable4_13:
   \   00000000   0x3FF00000         DC32     0x3ff00000

   \                                 In section .text, align 4, keep-with-next
   \                     ??DataTable4_14:
   \   00000000   0x40100000         DC32     0x40100000

   \                                 In section .text, align 4, keep-with-next
   \                     ??DataTable4_15:
   \   00000000   0x........         DC32     gyro_speed_x

   \                                 In section .text, align 4, keep-with-next
   \                     ??DataTable4_16:
   \   00000000   0x........         DC32     count

   \                                 In section .text, align 4, keep-with-next
   \                     ??DataTable4_17:
   \   00000000   0x........         DC32     ad_z

   \                                 In section .text, align 4, keep-with-next
   \                     ??DataTable4_18:
   \   00000000   0x........         DC32     AD_Z

   \                                 In section .text, align 4, keep-with-next
   \                     ??DataTable4_19:
   \   00000000   0xD2F1A9FC         DC32     0xd2f1a9fc

   \                                 In section .text, align 4, keep-with-next
   \                     ??DataTable4_20:
   \   00000000   0x3F30624D         DC32     0x3f30624d

   \                                 In section .text, align 4, keep-with-next
   \                     ??DataTable4_21:
   \   00000000   0x........         DC32     value_Z

   \                                 In section .text, align 4, keep-with-next
   \                     ??DataTable4_22:
   \   00000000   0x3F733334         DC32     0x3f733334

   \                                 In section .text, align 4, keep-with-next
   \                     ??DataTable4_23:
   \   00000000   0x3F733333         DC32     0x3f733333

   \                                 In section .text, align 4, keep-with-next
   \                     ??DataTable4_24:
   \   00000000   0xBF733333         DC32     0xbf733333

   \                                 In section .text, align 4, keep-with-next
   \                     ??DataTable4_25:
   \   00000000   0x82C2BD7F         DC32     0x82c2bd7f

   \                                 In section .text, align 4, keep-with-next
   \                     ??DataTable4_26:
   \   00000000   0x400921FB         DC32     0x400921fb

   \                                 In section .text, align 4, keep-with-next
   \                     ??DataTable4_27:
   \   00000000   0x40668000         DC32     0x40668000

   \                                 In section .text, align 4, keep-with-next
   \                     ??DataTable4_28:
   \   00000000   0x........         DC32     accl_angle_Y

   \                                 In section .text, align 4, keep-with-next
   \                     ??DataTable4_29:
   \   00000000   0x........         DC32     ji
     95          //=====================清华方案=================// 
     96          /*void QingHua_AngleCalaulate()
     97          {
     98          float fDeltaValue=0;
     99          angle=gyro_angle;                            //最终融合角度
    100          fDeltaValue=(Z_angle-angle)/GRAVITY_ADJUST_TIME_CONSTANT;   //时间系数矫正
    101          gyro_angle+=(fDeltaValue+gyro_speed_y)*a_time;          //融合角度
    102          }*/

   Maximum stack usage in bytes:

   .cstack Function
   ------- --------
      16   get_0
        16   -> LPLD_ADC_Get
        16   -> __aeabi_fadd
        16   -> __aeabi_fdiv
        16   -> __aeabi_ui2f
       8   get_accl
         8   -> LPLD_MMA8451_GetResult
         8   -> __aeabi_i2f
       8   get_gyro
         8   -> LPLD_ADC_Get
         8   -> __aeabi_d2f
         8   -> __aeabi_ddiv
         8   -> __aeabi_dmul
         8   -> __aeabi_f2d
         8   -> __aeabi_fsub
         8   -> __aeabi_i2f
      24   lvbo
        24   -> __aeabi_fadd
        24   -> __aeabi_fdiv
        24   -> __aeabi_fsub
        24 __aeabi_cfcmple
      24   one_complementation
        24   -> __aeabi_d2f
        24   -> __aeabi_dadd
        24   -> __aeabi_dmul
        24   -> __aeabi_f2d
        24   -> __aeabi_fmul
        24   -> __aeabi_fsub
       8   ronghe_angle
         8   -> __aeabi_d2f
         8   -> __aeabi_ddiv
         8   -> __aeabi_dmul
         8   -> __aeabi_f2d
         8   -> __aeabi_fadd
         8   -> asin
         8   -> lvbo
         8   -> one_complementation
         8 __aeabi_cfcmple
         8 __aeabi_cfrcmple


   Section sizes:

   Bytes  Function/Label
   -----  --------------
       4  ??DataTable4
       4  ??DataTable4_1
       4  ??DataTable4_10
       4  ??DataTable4_11
       4  ??DataTable4_12
       4  ??DataTable4_13
       4  ??DataTable4_14
       4  ??DataTable4_15
       4  ??DataTable4_16
       4  ??DataTable4_17
       4  ??DataTable4_18
       4  ??DataTable4_19
       4  ??DataTable4_2
       4  ??DataTable4_20
       4  ??DataTable4_21
       4  ??DataTable4_22
       4  ??DataTable4_23
       4  ??DataTable4_24
       4  ??DataTable4_25
       4  ??DataTable4_26
       4  ??DataTable4_27
       4  ??DataTable4_28
       4  ??DataTable4_29
       4  ??DataTable4_3
       4  ??DataTable4_4
       4  ??DataTable4_5
       4  ??DataTable4_6
       4  ??DataTable4_7
       4  ??DataTable4_8
       4  ??DataTable4_9
       4  AD_X
       4  AD_Z
       4  ZZZ
       4  accl_angle_Y
       4  ad_gyro_x
       4  ad_gyro_y
      40  ad_x
      40  ad_z
       4  angle
       4  angle_change
       4  count
     104  get_0
      52  get_accl
     112  get_gyro
       4  gyro0_AR1
       4  gyro0_AR2
       4  gyro_speed_x
       4  gyro_speed_y
       4  ji
     100  lvbo
     106  one_complementation
     152  ronghe_angle
       4  value_X
       4  value_Z

 
 144 bytes in section .bss
 746 bytes in section .text
 
 746 bytes of CODE memory
 144 bytes of DATA memory

Errors: none
Warnings: none
