###############################################################################
#
# IAR ANSI C/C++ Compiler V7.20.2.7424/W32 for ARM        15/Aug/2016  15:07:11
# Copyright 1999-2014 IAR Systems AB.
#
#    Cpu mode     =  thumb
#    Endian       =  little
#    Source file  =  E:\LPLD_OSKinetis_V3.1\project\balanceNewCar\app\direct.c
#    Command line =  
#        E:\LPLD_OSKinetis_V3.1\project\balanceNewCar\app\direct.c -D LPLD_K60
#        -D USE_K60D10 -lCN
#        E:\LPLD_OSKinetis_V3.1\project\balanceNewCar\iar\FLASH\List\ -lB
#        E:\LPLD_OSKinetis_V3.1\project\balanceNewCar\iar\FLASH\List\ -o
#        E:\LPLD_OSKinetis_V3.1\project\balanceNewCar\iar\FLASH\Obj\ --no_cse
#        --no_unroll --no_inline --no_code_motion --no_tbaa --no_clustering
#        --no_scheduling --debug --endian=little --cpu=Cortex-M4 -e --fpu=None
#        --dlib_config "F:\Program
#        Files\IAR_FOR_ARM\arm\INC\c\DLib_Config_Normal.h" -I
#        E:\LPLD_OSKinetis_V3.1\project\balanceNewCar\iar\..\app\ -I
#        E:\LPLD_OSKinetis_V3.1\project\balanceNewCar\iar\..\..\..\lib\CPU\ -I
#        E:\LPLD_OSKinetis_V3.1\project\balanceNewCar\iar\..\..\..\lib\common\
#        -I E:\LPLD_OSKinetis_V3.1\project\balanceNewCar\iar\..\..\..\lib\LPLD\
#        -I
#        E:\LPLD_OSKinetis_V3.1\project\balanceNewCar\iar\..\..\..\lib\LPLD\HW\
#        -I
#        E:\LPLD_OSKinetis_V3.1\project\balanceNewCar\iar\..\..\..\lib\LPLD\DEV\
#        -I
#        E:\LPLD_OSKinetis_V3.1\project\balanceNewCar\iar\..\..\..\lib\LPLD\FUNC\
#        -I
#        E:\LPLD_OSKinetis_V3.1\project\balanceNewCar\iar\..\..\..\lib\uCOS-II\Ports\
#        -I
#        E:\LPLD_OSKinetis_V3.1\project\balanceNewCar\iar\..\..\..\lib\uCOS-II\Source\
#        -I
#        E:\LPLD_OSKinetis_V3.1\project\balanceNewCar\iar\..\..\..\lib\FatFs\
#        -I
#        E:\LPLD_OSKinetis_V3.1\project\balanceNewCar\iar\..\..\..\lib\FatFs\option\
#        -I
#        E:\LPLD_OSKinetis_V3.1\project\balanceNewCar\iar\..\..\..\lib\USB\common\
#        -I
#        E:\LPLD_OSKinetis_V3.1\project\balanceNewCar\iar\..\..\..\lib\USB\driver\
#        -I
#        E:\LPLD_OSKinetis_V3.1\project\balanceNewCar\iar\..\..\..\lib\USB\descriptor\
#        -I
#        E:\LPLD_OSKinetis_V3.1\project\balanceNewCar\iar\..\..\..\lib\USB\class\
#        -Ol -I "F:\Program Files\IAR_FOR_ARM\arm\CMSIS\Include\" -D
#        ARM_MATH_CM4
#    List file    =  
#        E:\LPLD_OSKinetis_V3.1\project\balanceNewCar\iar\FLASH\List\direct.lst
#    Object file  =  
#        E:\LPLD_OSKinetis_V3.1\project\balanceNewCar\iar\FLASH\Obj\direct.o
#
###############################################################################

E:\LPLD_OSKinetis_V3.1\project\balanceNewCar\app\direct.c
      1          #include "direct.h"
      2          #include "math.h"
      3          

   \                                 In section .bss, align 4
      4          float var[2] = {0.0};
   \                     var:
   \   00000000                      DS8 8

   \                                 In section .bss, align 4
      5          float x_sum=0,y_sum=0,xx_sum=0,xy_sum=0;
   \                     x_sum:
   \   00000000                      DS8 4

   \                                 In section .bss, align 4
   \                     y_sum:
   \   00000000                      DS8 4

   \                                 In section .bss, align 4
   \                     xx_sum:
   \   00000000                      DS8 4

   \                                 In section .bss, align 4
   \                     xy_sum:
   \   00000000                      DS8 4

   \                                 In section .rodata, align 4
      6          const float x[OFFSET_NUM] = {0.0,1.0,2.0,3.0,4.0,5.0,6.0,7.0,8.0,9.0};
   \                     x:
   \   00000000   0x00000000         DC32 0H, 3F800000H, 40000000H, 40400000H, 40800000H, 40A00000H
   \              0x3F800000   
   \              0x40000000   
   \              0x40400000   
   \              0x40800000   
   \              0x40A00000   
   \   00000018   0x40C00000         DC32 40C00000H, 40E00000H, 41000000H, 41100000H
   \              0x40E00000   
   \              0x41000000   
   \              0x41100000   

   \                                 In section .rodata, align 4
      7          const float AD_var[5] = {0.35, 0.25, 0.14, 0.13, 0.13};
   \                     AD_var:
   \   00000000   0x3EB33333         DC32 3EB33333H, 3E800000H, 3E0F5C29H, 3E051EB8H, 3E051EB8H
   \              0x3E800000   
   \              0x3E0F5C29   
   \              0x3E051EB8   
   \              0x3E051EB8   
      8          

   \                                 In section .bss, align 4
      9          float first_offset[3] = {0};
   \                     first_offset:
   \   00000000                      DS8 12

   \                                 In section .bss, align 4
     10          float second_offset = 0;
   \                     second_offset:
   \   00000000                      DS8 4

   \                                 In section .bss, align 4
     11          float offset = 0;
   \                     offset:
   \   00000000                      DS8 4

   \                                 In section .bss, align 4
     12          float his_offset[5] = {0};
   \                     his_offset:
   \   00000000                      DS8 20

   \                                 In section .bss, align 4
     13          float sum_offset = 0;
   \                     sum_offset:
   \   00000000                      DS8 4
     14          

   \                                 In section .bss, align 4
     15          float AD_result[3] = {0};
   \                     AD_result:
   \   00000000                      DS8 12

   \                                 In section .bss, align 4
     16          float AD_2 = 0;
   \                     AD_2:
   \   00000000                      DS8 4

   \                                 In section .bss, align 4
     17          float AD_his[2][5] = {0};
   \                     AD_his:
   \   00000000                      DS8 40

   \                                 In section .bss, align 4
     18          float AD_temp[3] = {0};
   \                     AD_temp:
   \   00000000                      DS8 12

   \                                 In section .bss, align 4
     19          float channel[3][AD_NUM];
   \                     channel:
   \   00000000                      DS8 192
     20          //float bendflag = 0.0;

   \                                 In section .bss, align 4
     21          float AD1Basic = 0;
   \                     AD1Basic:
   \   00000000                      DS8 4

   \                                 In section .text, align 2, keep-with-next
     22          void get_ad_once(void)
     23          {
   \                     get_ad_once: (+1)
   \   00000000   0xB510             PUSH     {R4,LR}
     24            int j = 0;
   \   00000002   0x2400             MOVS     R4,#+0
     25            for(j=AD_NUM-1;j>=0;j--)
   \   00000004   0x200F             MOVS     R0,#+15
   \   00000006   0x0004             MOVS     R4,R0
   \   00000008   0xE04B             B.N      ??get_ad_once_0
     26            {
     27              
     28              
     29              //channel[0][j] = LPLD_ADC_Get(ADC0,AD17);//E24
     30              channel[0][j] = LPLD_ADC_Get(ADC0,AD18);//E24
   \                     ??get_ad_once_1: (+1)
   \   0000000A   0x2112             MOVS     R1,#+18
   \   0000000C   0x.... 0x....      LDR.W    R0,??DataTable2  ;; 0x4003b000
   \   00000010   0x.... 0x....      BL       LPLD_ADC_Get
   \   00000014   0x.... 0x....      BL       __aeabi_ui2f
   \   00000018   0x.... 0x....      LDR.W    R1,??DataTable2_1
   \   0000001C   0xF841 0x0024      STR      R0,[R1, R4, LSL #+2]
     31              channel[1][j] = LPLD_ADC_Get(ADC0,AD6);
   \   00000020   0x2106             MOVS     R1,#+6
   \   00000022   0x.... 0x....      LDR.W    R0,??DataTable2  ;; 0x4003b000
   \   00000026   0x.... 0x....      BL       LPLD_ADC_Get
   \   0000002A   0x.... 0x....      BL       __aeabi_ui2f
   \   0000002E   0x.... 0x....      LDR.W    R1,??DataTable2_1
   \   00000032   0xEB11 0x0184      ADDS     R1,R1,R4, LSL #+2
   \   00000036   0x6408             STR      R0,[R1, #+64]
     32              channel[2][j] = LPLD_ADC_Get(ADC0,AD7);//E25
   \   00000038   0x2107             MOVS     R1,#+7
   \   0000003A   0x.... 0x....      LDR.W    R0,??DataTable2  ;; 0x4003b000
   \   0000003E   0x.... 0x....      BL       LPLD_ADC_Get
   \   00000042   0x.... 0x....      BL       __aeabi_ui2f
   \   00000046   0x.... 0x....      LDR.W    R1,??DataTable2_1
   \   0000004A   0xEB11 0x0184      ADDS     R1,R1,R4, LSL #+2
   \   0000004E   0xF8C1 0x0080      STR      R0,[R1, #+128]
     33              AD_temp[0] += channel[0][j];
   \   00000052   0x.... 0x....      LDR.W    R0,??DataTable2_2
   \   00000056   0x6800             LDR      R0,[R0, #+0]
   \   00000058   0x.... 0x....      LDR.W    R1,??DataTable2_1
   \   0000005C   0xF851 0x1024      LDR      R1,[R1, R4, LSL #+2]
   \   00000060   0x.... 0x....      BL       __aeabi_fadd
   \   00000064   0x.... 0x....      LDR.W    R1,??DataTable2_2
   \   00000068   0x6008             STR      R0,[R1, #+0]
     34              AD_temp[1] += channel[1][j];
   \   0000006A   0x.... 0x....      LDR.W    R0,??DataTable2_2
   \   0000006E   0x6840             LDR      R0,[R0, #+4]
   \   00000070   0x.... 0x....      LDR.W    R1,??DataTable2_1
   \   00000074   0xEB11 0x0184      ADDS     R1,R1,R4, LSL #+2
   \   00000078   0x6C09             LDR      R1,[R1, #+64]
   \   0000007A   0x.... 0x....      BL       __aeabi_fadd
   \   0000007E   0x.... 0x....      LDR.W    R1,??DataTable2_2
   \   00000082   0x6048             STR      R0,[R1, #+4]
     35              AD_temp[2] += channel[2][j];
   \   00000084   0x.... 0x....      LDR.W    R0,??DataTable2_2
   \   00000088   0x6880             LDR      R0,[R0, #+8]
   \   0000008A   0x.... 0x....      LDR.W    R1,??DataTable2_1
   \   0000008E   0xEB11 0x0184      ADDS     R1,R1,R4, LSL #+2
   \   00000092   0xF8D1 0x1080      LDR      R1,[R1, #+128]
   \   00000096   0x.... 0x....      BL       __aeabi_fadd
   \   0000009A   0x.... 0x....      LDR.W    R1,??DataTable2_2
   \   0000009E   0x6088             STR      R0,[R1, #+8]
     36            }
   \   000000A0   0x1E64             SUBS     R4,R4,#+1
   \                     ??get_ad_once_0: (+1)
   \   000000A2   0x2C00             CMP      R4,#+0
   \   000000A4   0xD5B1             BPL.N    ??get_ad_once_1
     37            
     38            AD_result[0] = AD_temp[0]/AD_NUM;
   \   000000A6   0x.... 0x....      LDR.W    R0,??DataTable2_2
   \   000000AA   0x6800             LDR      R0,[R0, #+0]
   \   000000AC   0xF05F 0x4183      MOVS     R1,#+1098907648
   \   000000B0   0x.... 0x....      BL       __aeabi_fdiv
   \   000000B4   0x.... 0x....      LDR.W    R1,??DataTable2_3
   \   000000B8   0x6008             STR      R0,[R1, #+0]
     39            AD_result[1] = AD_temp[1]/AD_NUM;
   \   000000BA   0x.... 0x....      LDR.W    R0,??DataTable2_2
   \   000000BE   0x6840             LDR      R0,[R0, #+4]
   \   000000C0   0xF05F 0x4183      MOVS     R1,#+1098907648
   \   000000C4   0x.... 0x....      BL       __aeabi_fdiv
   \   000000C8   0x.... 0x....      LDR.W    R1,??DataTable2_3
   \   000000CC   0x6048             STR      R0,[R1, #+4]
     40            AD_result[2] = AD_temp[2]/AD_NUM;
   \   000000CE   0x.... 0x....      LDR.W    R0,??DataTable2_2
   \   000000D2   0x6880             LDR      R0,[R0, #+8]
   \   000000D4   0xF05F 0x4183      MOVS     R1,#+1098907648
   \   000000D8   0x.... 0x....      BL       __aeabi_fdiv
   \   000000DC   0x.... 0x....      LDR.W    R1,??DataTable2_3
   \   000000E0   0x6088             STR      R0,[R1, #+8]
     41            AD_temp[0] = 0;
   \   000000E2   0x2000             MOVS     R0,#+0
   \   000000E4   0x.... 0x....      LDR.W    R1,??DataTable2_2
   \   000000E8   0x6008             STR      R0,[R1, #+0]
     42            AD_temp[1] = 0;
   \   000000EA   0x2000             MOVS     R0,#+0
   \   000000EC   0x.... 0x....      LDR.W    R1,??DataTable2_2
   \   000000F0   0x6048             STR      R0,[R1, #+4]
     43            AD_temp[2] = 0;
   \   000000F2   0x2000             MOVS     R0,#+0
   \   000000F4   0x.... 0x....      LDR.W    R1,??DataTable2_2
   \   000000F8   0x6088             STR      R0,[R1, #+8]
     44            
     45            AD1Basic = AD_result[1];
   \   000000FA   0x.... 0x....      LDR.W    R0,??DataTable2_3
   \   000000FE   0x6840             LDR      R0,[R0, #+4]
   \   00000100   0x.... 0x....      LDR.W    R1,??DataTable2_4
   \   00000104   0x6008             STR      R0,[R1, #+0]
     46          }
   \   00000106   0xBD10             POP      {R4,PC}          ;; return
     47          
     48          

   \                                 In section .text, align 2, keep-with-next
     49          void get_ad(void)
     50          {
   \                     get_ad: (+1)
   \   00000000   0xB510             PUSH     {R4,LR}
     51          //  int i = 0;
     52            int j = 0;
   \   00000002   0x2400             MOVS     R4,#+0
     53            for(j=AD_NUM-1;j>=0;j--)
   \   00000004   0x200F             MOVS     R0,#+15
   \   00000006   0x0004             MOVS     R4,R0
   \   00000008   0xE04B             B.N      ??get_ad_0
     54            {
     55              
     56              
     57              //channel[0][j] = LPLD_ADC_Get(ADC0,AD17);//E24
     58              channel[0][j] = LPLD_ADC_Get(ADC0,AD18);//E24
   \                     ??get_ad_1: (+1)
   \   0000000A   0x2112             MOVS     R1,#+18
   \   0000000C   0x.... 0x....      LDR.W    R0,??DataTable2  ;; 0x4003b000
   \   00000010   0x.... 0x....      BL       LPLD_ADC_Get
   \   00000014   0x.... 0x....      BL       __aeabi_ui2f
   \   00000018   0x.... 0x....      LDR.W    R1,??DataTable2_1
   \   0000001C   0xF841 0x0024      STR      R0,[R1, R4, LSL #+2]
     59              channel[1][j] = LPLD_ADC_Get(ADC0,AD6);
   \   00000020   0x2106             MOVS     R1,#+6
   \   00000022   0x.... 0x....      LDR.W    R0,??DataTable2  ;; 0x4003b000
   \   00000026   0x.... 0x....      BL       LPLD_ADC_Get
   \   0000002A   0x.... 0x....      BL       __aeabi_ui2f
   \   0000002E   0x.... 0x....      LDR.W    R1,??DataTable2_1
   \   00000032   0xEB11 0x0184      ADDS     R1,R1,R4, LSL #+2
   \   00000036   0x6408             STR      R0,[R1, #+64]
     60              channel[2][j] = LPLD_ADC_Get(ADC0,AD7);//E25
   \   00000038   0x2107             MOVS     R1,#+7
   \   0000003A   0x.... 0x....      LDR.W    R0,??DataTable2  ;; 0x4003b000
   \   0000003E   0x.... 0x....      BL       LPLD_ADC_Get
   \   00000042   0x.... 0x....      BL       __aeabi_ui2f
   \   00000046   0x.... 0x....      LDR.W    R1,??DataTable2_1
   \   0000004A   0xEB11 0x0184      ADDS     R1,R1,R4, LSL #+2
   \   0000004E   0xF8C1 0x0080      STR      R0,[R1, #+128]
     61              AD_temp[0] += channel[0][j];
   \   00000052   0x.... 0x....      LDR.W    R0,??DataTable2_2
   \   00000056   0x6800             LDR      R0,[R0, #+0]
   \   00000058   0x.... 0x....      LDR.W    R1,??DataTable2_1
   \   0000005C   0xF851 0x1024      LDR      R1,[R1, R4, LSL #+2]
   \   00000060   0x.... 0x....      BL       __aeabi_fadd
   \   00000064   0x.... 0x....      LDR.W    R1,??DataTable2_2
   \   00000068   0x6008             STR      R0,[R1, #+0]
     62              AD_temp[1] += channel[1][j];
   \   0000006A   0x.... 0x....      LDR.W    R0,??DataTable2_2
   \   0000006E   0x6840             LDR      R0,[R0, #+4]
   \   00000070   0x.... 0x....      LDR.W    R1,??DataTable2_1
   \   00000074   0xEB11 0x0184      ADDS     R1,R1,R4, LSL #+2
   \   00000078   0x6C09             LDR      R1,[R1, #+64]
   \   0000007A   0x.... 0x....      BL       __aeabi_fadd
   \   0000007E   0x.... 0x....      LDR.W    R1,??DataTable2_2
   \   00000082   0x6048             STR      R0,[R1, #+4]
     63              AD_temp[2] += channel[2][j];
   \   00000084   0x.... 0x....      LDR.W    R0,??DataTable2_2
   \   00000088   0x6880             LDR      R0,[R0, #+8]
   \   0000008A   0x.... 0x....      LDR.W    R1,??DataTable2_1
   \   0000008E   0xEB11 0x0184      ADDS     R1,R1,R4, LSL #+2
   \   00000092   0xF8D1 0x1080      LDR      R1,[R1, #+128]
   \   00000096   0x.... 0x....      BL       __aeabi_fadd
   \   0000009A   0x.... 0x....      LDR.W    R1,??DataTable2_2
   \   0000009E   0x6088             STR      R0,[R1, #+8]
     64            }
   \   000000A0   0x1E64             SUBS     R4,R4,#+1
   \                     ??get_ad_0: (+1)
   \   000000A2   0x2C00             CMP      R4,#+0
   \   000000A4   0xD5B1             BPL.N    ??get_ad_1
     65            
     66            AD_result[0] = AD_temp[0]/AD_NUM;
   \   000000A6   0x.... 0x....      LDR.W    R0,??DataTable2_2
   \   000000AA   0x6800             LDR      R0,[R0, #+0]
   \   000000AC   0xF05F 0x4183      MOVS     R1,#+1098907648
   \   000000B0   0x.... 0x....      BL       __aeabi_fdiv
   \   000000B4   0x.... 0x....      LDR.W    R1,??DataTable2_3
   \   000000B8   0x6008             STR      R0,[R1, #+0]
     67            AD_result[1] = AD_temp[1]/AD_NUM;
   \   000000BA   0x.... 0x....      LDR.W    R0,??DataTable2_2
   \   000000BE   0x6840             LDR      R0,[R0, #+4]
   \   000000C0   0xF05F 0x4183      MOVS     R1,#+1098907648
   \   000000C4   0x.... 0x....      BL       __aeabi_fdiv
   \   000000C8   0x....             LDR.N    R1,??DataTable2_3
   \   000000CA   0x6048             STR      R0,[R1, #+4]
     68            AD_result[2] = AD_temp[2]/AD_NUM;
   \   000000CC   0x....             LDR.N    R0,??DataTable2_2
   \   000000CE   0x6880             LDR      R0,[R0, #+8]
   \   000000D0   0xF05F 0x4183      MOVS     R1,#+1098907648
   \   000000D4   0x.... 0x....      BL       __aeabi_fdiv
   \   000000D8   0x....             LDR.N    R1,??DataTable2_3
   \   000000DA   0x6088             STR      R0,[R1, #+8]
     69            AD_temp[0] = 0;
   \   000000DC   0x2000             MOVS     R0,#+0
   \   000000DE   0x....             LDR.N    R1,??DataTable2_2
   \   000000E0   0x6008             STR      R0,[R1, #+0]
     70            AD_temp[1] = 0;
   \   000000E2   0x2000             MOVS     R0,#+0
   \   000000E4   0x....             LDR.N    R1,??DataTable2_2
   \   000000E6   0x6048             STR      R0,[R1, #+4]
     71            AD_temp[2] = 0;
   \   000000E8   0x2000             MOVS     R0,#+0
   \   000000EA   0x....             LDR.N    R1,??DataTable2_2
   \   000000EC   0x6088             STR      R0,[R1, #+8]
     72            //  AD_result[0] = LPLD_ADC_Get(ADC0,AD17); //水平左边
     73            //  AD_result[1] = LPLD_ADC_Get(ADC0,AD18); //水平右边
     74            
     75          }
   \   000000EE   0xBD10             POP      {R4,PC}          ;; return

   \                                 In section .bss, align 4
     76          float nowADBase = 0;
   \                     nowADBase:
   \   00000000                      DS8 4

   \                                 In section .bss, align 4
     77          float offsetTemp = 0;
   \                     offsetTemp:
   \   00000000                      DS8 4
     78          extern float angle;
     79          extern int straightTime;
     80          extern int runTime;
     81          

   \                                 In section .text, align 2, keep-with-next
     82          void cal_offset(void)
     83          {
   \                     cal_offset: (+1)
   \   00000000   0xB5F8             PUSH     {R3-R7,LR}
     84            static int i = 0;
     85            
     86            nowADBase = AD1Basic*pow(1+sin((12.5-angle)/60),2);
   \   00000002   0x....             LDR.N    R0,??DataTable2_5
   \   00000004   0x6800             LDR      R0,[R0, #+0]
   \   00000006   0x.... 0x....      BL       __aeabi_f2d
   \   0000000A   0x0002             MOVS     R2,R0
   \   0000000C   0x000B             MOVS     R3,R1
   \   0000000E   0x2000             MOVS     R0,#+0
   \   00000010   0x....             LDR.N    R1,??DataTable2_6  ;; 0x40290000
   \   00000012   0x.... 0x....      BL       __aeabi_dsub
   \   00000016   0x2200             MOVS     R2,#+0
   \   00000018   0x....             LDR.N    R3,??DataTable2_7  ;; 0x404e0000
   \   0000001A   0x.... 0x....      BL       __aeabi_ddiv
   \   0000001E   0x.... 0x....      BL       sin
   \   00000022   0x2200             MOVS     R2,#+0
   \   00000024   0x....             LDR.N    R3,??DataTable2_8  ;; 0x3ff00000
   \   00000026   0x.... 0x....      BL       __aeabi_dadd
   \   0000002A   0x0004             MOVS     R4,R0
   \   0000002C   0x000D             MOVS     R5,R1
   \   0000002E   0x....             LDR.N    R0,??DataTable2_4
   \   00000030   0x6800             LDR      R0,[R0, #+0]
   \   00000032   0x.... 0x....      BL       __aeabi_f2d
   \   00000036   0x0006             MOVS     R6,R0
   \   00000038   0x000F             MOVS     R7,R1
   \   0000003A   0x0020             MOVS     R0,R4
   \   0000003C   0x0029             MOVS     R1,R5
   \   0000003E   0x0022             MOVS     R2,R4
   \   00000040   0x002B             MOVS     R3,R5
   \   00000042   0x.... 0x....      BL       __aeabi_dmul
   \   00000046   0x0032             MOVS     R2,R6
   \   00000048   0x003B             MOVS     R3,R7
   \   0000004A   0x.... 0x....      BL       __aeabi_dmul
   \   0000004E   0x.... 0x....      BL       __aeabi_d2f
   \   00000052   0x....             LDR.N    R1,??DataTable2_9
   \   00000054   0x6008             STR      R0,[R1, #+0]
     87            if(nowADBase>254)
   \   00000056   0x....             LDR.N    R0,??DataTable2_9
   \   00000058   0x6800             LDR      R0,[R0, #+0]
   \   0000005A   0x....             LDR.N    R1,??DataTable2_10  ;; 0x437e0001
   \   0000005C   0x.... 0x....      BL       __aeabi_cfrcmple
   \   00000060   0xD802             BHI.N    ??cal_offset_0
     88              nowADBase = 254;
   \   00000062   0x....             LDR.N    R0,??DataTable2_11  ;; 0x437e0000
   \   00000064   0x....             LDR.N    R1,??DataTable2_9
   \   00000066   0x6008             STR      R0,[R1, #+0]
     89           // nowADBase = AD1Basic*pow(1+sin((12.5-angle)/60),2);
     90            first_offset[0] = (AD_result[2] - AD_result[0])/(1+AD_result[0] + AD_result[2]);
   \                     ??cal_offset_0: (+1)
   \   00000068   0x....             LDR.N    R0,??DataTable2_3
   \   0000006A   0x6880             LDR      R0,[R0, #+8]
   \   0000006C   0x....             LDR.N    R1,??DataTable2_3
   \   0000006E   0x6809             LDR      R1,[R1, #+0]
   \   00000070   0x.... 0x....      BL       __aeabi_fsub
   \   00000074   0x0004             MOVS     R4,R0
   \   00000076   0x....             LDR.N    R0,??DataTable2_3
   \   00000078   0x6801             LDR      R1,[R0, #+0]
   \   0000007A   0xF05F 0x507E      MOVS     R0,#+1065353216
   \   0000007E   0x.... 0x....      BL       __aeabi_fadd
   \   00000082   0x....             LDR.N    R1,??DataTable2_3
   \   00000084   0x6889             LDR      R1,[R1, #+8]
   \   00000086   0x.... 0x....      BL       __aeabi_fadd
   \   0000008A   0x0001             MOVS     R1,R0
   \   0000008C   0x0020             MOVS     R0,R4
   \   0000008E   0x.... 0x....      BL       __aeabi_fdiv
   \   00000092   0x....             LDR.N    R1,??DataTable2_12
   \   00000094   0x6008             STR      R0,[R1, #+0]
     91            
     92            if(AD_result[1]>nowADBase)
   \   00000096   0x....             LDR.N    R0,??DataTable2_9
   \   00000098   0x6800             LDR      R0,[R0, #+0]
   \   0000009A   0x....             LDR.N    R1,??DataTable2_3
   \   0000009C   0x6849             LDR      R1,[R1, #+4]
   \   0000009E   0x.... 0x....      BL       __aeabi_cfcmple
   \   000000A2   0xD203             BCS.N    ??cal_offset_1
     93            {
     94              first_offset[1] = 0;
   \   000000A4   0x2000             MOVS     R0,#+0
   \   000000A6   0x....             LDR.N    R1,??DataTable2_12
   \   000000A8   0x6048             STR      R0,[R1, #+4]
   \   000000AA   0xE012             B.N      ??cal_offset_2
     95            }else
     96            {
     97              first_offset[1] = (nowADBase - AD_result[1])/(1+nowADBase);
   \                     ??cal_offset_1: (+1)
   \   000000AC   0x....             LDR.N    R0,??DataTable2_9
   \   000000AE   0x6800             LDR      R0,[R0, #+0]
   \   000000B0   0x....             LDR.N    R1,??DataTable2_3
   \   000000B2   0x6849             LDR      R1,[R1, #+4]
   \   000000B4   0x.... 0x....      BL       __aeabi_fsub
   \   000000B8   0x0004             MOVS     R4,R0
   \   000000BA   0x....             LDR.N    R0,??DataTable2_9
   \   000000BC   0x6801             LDR      R1,[R0, #+0]
   \   000000BE   0xF05F 0x507E      MOVS     R0,#+1065353216
   \   000000C2   0x.... 0x....      BL       __aeabi_fadd
   \   000000C6   0x0001             MOVS     R1,R0
   \   000000C8   0x0020             MOVS     R0,R4
   \   000000CA   0x.... 0x....      BL       __aeabi_fdiv
   \   000000CE   0x....             LDR.N    R1,??DataTable2_12
   \   000000D0   0x6048             STR      R0,[R1, #+4]
     98            }
     99          //  
    100          
    101            if(AD_result[1] > AD1Basic*0.7  )
   \                     ??cal_offset_2: (+1)
   \   000000D2   0x....             LDR.N    R0,??DataTable2_3
   \   000000D4   0x6840             LDR      R0,[R0, #+4]
   \   000000D6   0x.... 0x....      BL       __aeabi_f2d
   \   000000DA   0x0002             MOVS     R2,R0
   \   000000DC   0x000B             MOVS     R3,R1
   \   000000DE   0x0014             MOVS     R4,R2
   \   000000E0   0x001D             MOVS     R5,R3
   \   000000E2   0x....             LDR.N    R0,??DataTable2_4
   \   000000E4   0x6800             LDR      R0,[R0, #+0]
   \   000000E6   0x.... 0x....      BL       __aeabi_f2d
   \   000000EA   0xF05F 0x3266      MOVS     R2,#+1717986918
   \   000000EE   0x....             LDR.N    R3,??DataTable2_13  ;; 0x3fe66666
   \   000000F0   0x.... 0x....      BL       __aeabi_dmul
   \   000000F4   0x0022             MOVS     R2,R4
   \   000000F6   0x002B             MOVS     R3,R5
   \   000000F8   0x.... 0x....      BL       __aeabi_cdcmple
   \   000000FC   0xD23F             BCS.N    ??cal_offset_3
    102            {
    103              if(first_offset[0]>0)
   \   000000FE   0x....             LDR.N    R0,??DataTable2_12
   \   00000100   0x6800             LDR      R0,[R0, #+0]
   \   00000102   0x2100             MOVS     R1,#+0
   \   00000104   0x.... 0x....      BL       __aeabi_cfrcmple
   \   00000108   0xD21B             BCS.N    ??cal_offset_4
    104              {
    105                offsetTemp = first_offset[0]*0.6 + first_offset[1]*0.4;
   \   0000010A   0x....             LDR.N    R0,??DataTable2_12
   \   0000010C   0x6800             LDR      R0,[R0, #+0]
   \   0000010E   0x.... 0x....      BL       __aeabi_f2d
   \   00000112   0xF05F 0x3233      MOVS     R2,#+858993459
   \   00000116   0x....             LDR.N    R3,??DataTable2_14  ;; 0x3fe33333
   \   00000118   0x.... 0x....      BL       __aeabi_dmul
   \   0000011C   0x0004             MOVS     R4,R0
   \   0000011E   0x000D             MOVS     R5,R1
   \   00000120   0x....             LDR.N    R0,??DataTable2_12
   \   00000122   0x6840             LDR      R0,[R0, #+4]
   \   00000124   0x.... 0x....      BL       __aeabi_f2d
   \   00000128   0x....             LDR.N    R2,??DataTable2_15  ;; 0x9999999a
   \   0000012A   0x....             LDR.N    R3,??DataTable2_16  ;; 0x3fd99999
   \   0000012C   0x.... 0x....      BL       __aeabi_dmul
   \   00000130   0x0022             MOVS     R2,R4
   \   00000132   0x002B             MOVS     R3,R5
   \   00000134   0x.... 0x....      BL       __aeabi_dadd
   \   00000138   0x.... 0x....      BL       __aeabi_d2f
   \   0000013C   0x....             LDR.N    R1,??DataTable2_17
   \   0000013E   0x6008             STR      R0,[R1, #+0]
   \   00000140   0xE034             B.N      ??cal_offset_5
    106              }else
    107              {
    108                offsetTemp = first_offset[0]*0.6 - first_offset[1]*0.4;
   \                     ??cal_offset_4: (+1)
   \   00000142   0x....             LDR.N    R0,??DataTable2_12
   \   00000144   0x6800             LDR      R0,[R0, #+0]
   \   00000146   0x.... 0x....      BL       __aeabi_f2d
   \   0000014A   0xF05F 0x3233      MOVS     R2,#+858993459
   \   0000014E   0x....             LDR.N    R3,??DataTable2_14  ;; 0x3fe33333
   \   00000150   0x.... 0x....      BL       __aeabi_dmul
   \   00000154   0x0004             MOVS     R4,R0
   \   00000156   0x000D             MOVS     R5,R1
   \   00000158   0x....             LDR.N    R0,??DataTable2_12
   \   0000015A   0x6840             LDR      R0,[R0, #+4]
   \   0000015C   0x.... 0x....      BL       __aeabi_f2d
   \   00000160   0x....             LDR.N    R2,??DataTable2_15  ;; 0x9999999a
   \   00000162   0x....             LDR.N    R3,??DataTable2_16  ;; 0x3fd99999
   \   00000164   0x.... 0x....      BL       __aeabi_dmul
   \   00000168   0x0002             MOVS     R2,R0
   \   0000016A   0x000B             MOVS     R3,R1
   \   0000016C   0x0020             MOVS     R0,R4
   \   0000016E   0x0029             MOVS     R1,R5
   \   00000170   0x.... 0x....      BL       __aeabi_dsub
   \   00000174   0x.... 0x....      BL       __aeabi_d2f
   \   00000178   0x....             LDR.N    R1,??DataTable2_17
   \   0000017A   0x6008             STR      R0,[R1, #+0]
   \   0000017C   0xE016             B.N      ??cal_offset_5
    109              }
    110              //offsetTemp = first_offset[0];
    111              
    112              
    113            }else
    114            {
    115              
    116              if(first_offset[0]>0)
   \                     ??cal_offset_3: (+1)
   \   0000017E   0x....             LDR.N    R0,??DataTable2_12
   \   00000180   0x6800             LDR      R0,[R0, #+0]
   \   00000182   0x2100             MOVS     R1,#+0
   \   00000184   0x.... 0x....      BL       __aeabi_cfrcmple
   \   00000188   0xD204             BCS.N    ??cal_offset_6
    117              {
    118                offsetTemp = first_offset[1];
   \   0000018A   0x....             LDR.N    R0,??DataTable2_12
   \   0000018C   0x6840             LDR      R0,[R0, #+4]
   \   0000018E   0x....             LDR.N    R1,??DataTable2_17
   \   00000190   0x6008             STR      R0,[R1, #+0]
   \   00000192   0xE00B             B.N      ??cal_offset_5
    119              }else if(first_offset[0]<0)
   \                     ??cal_offset_6: (+1)
   \   00000194   0x....             LDR.N    R0,??DataTable2_12
   \   00000196   0x6800             LDR      R0,[R0, #+0]
   \   00000198   0x2100             MOVS     R1,#+0
   \   0000019A   0x.... 0x....      BL       __aeabi_cfcmple
   \   0000019E   0xD205             BCS.N    ??cal_offset_5
    120              {
    121                offsetTemp =  - first_offset[1];
   \   000001A0   0x....             LDR.N    R0,??DataTable2_12
   \   000001A2   0x6840             LDR      R0,[R0, #+4]
   \   000001A4   0xF090 0x4000      EORS     R0,R0,#0x80000000
   \   000001A8   0x....             LDR.N    R1,??DataTable2_17
   \   000001AA   0x6008             STR      R0,[R1, #+0]
    122              }
    123              
    124              //offsetTemp = his_offset[0];
    125            }
    126          
    127            if(AD_result[1]>AD_result[0] && AD_result[1]>AD_result[2])
   \                     ??cal_offset_5: (+1)
   \   000001AC   0x....             LDR.N    R0,??DataTable2_3
   \   000001AE   0x6800             LDR      R0,[R0, #+0]
   \   000001B0   0x....             LDR.N    R1,??DataTable2_3
   \   000001B2   0x6849             LDR      R1,[R1, #+4]
   \   000001B4   0x.... 0x....      BL       __aeabi_cfcmple
   \   000001B8   0xD20A             BCS.N    ??cal_offset_7
   \   000001BA   0x....             LDR.N    R0,??DataTable2_3
   \   000001BC   0x6880             LDR      R0,[R0, #+8]
   \   000001BE   0x....             LDR.N    R1,??DataTable2_3
   \   000001C0   0x6849             LDR      R1,[R1, #+4]
   \   000001C2   0x.... 0x....      BL       __aeabi_cfcmple
   \   000001C6   0xD203             BCS.N    ??cal_offset_7
    128            {
    129              offsetTemp = first_offset[0];
   \   000001C8   0x....             LDR.N    R0,??DataTable2_12
   \   000001CA   0x6800             LDR      R0,[R0, #+0]
   \   000001CC   0x....             LDR.N    R1,??DataTable2_17
   \   000001CE   0x6008             STR      R0,[R1, #+0]
    130            }
    131          //  
    132          //  if(AD_result[1]>40 &&fabs(first_offset[1])>0.35 && fabs(first_offset[0])< 0.2 && straightTime > 200)
    133          //  {
    134          //    offsetTemp = first_offset[0];
    135          //  }
    136          //  
    137          //  if(runTime<200)
    138          //  {
    139          //    offsetTemp = first_offset[0];
    140          //  }
    141            
    142            if(offsetTemp - 0.6 > 0)
   \                     ??cal_offset_7: (+1)
   \   000001D0   0x....             LDR.N    R0,??DataTable2_17
   \   000001D2   0x6800             LDR      R0,[R0, #+0]
   \   000001D4   0x.... 0x....      BL       __aeabi_f2d
   \   000001D8   0xF05F 0x3233      MOVS     R2,#+858993459
   \   000001DC   0x....             LDR.N    R3,??DataTable2_18  ;; 0xbfe33333
   \   000001DE   0x.... 0x....      BL       __aeabi_dadd
   \   000001E2   0x2200             MOVS     R2,#+0
   \   000001E4   0x2300             MOVS     R3,#+0
   \   000001E6   0x.... 0x....      BL       __aeabi_cdrcmple
   \   000001EA   0xD203             BCS.N    ??cal_offset_8
    143            {
    144              offsetTemp = 0.6;
   \   000001EC   0x....             LDR.N    R0,??DataTable2_19  ;; 0x3f19999a
   \   000001EE   0x....             LDR.N    R1,??DataTable2_17
   \   000001F0   0x6008             STR      R0,[R1, #+0]
   \   000001F2   0xE010             B.N      ??cal_offset_9
    145            }else if(offsetTemp + 0.6 < 0)
   \                     ??cal_offset_8: (+1)
   \   000001F4   0x....             LDR.N    R0,??DataTable2_17
   \   000001F6   0x6800             LDR      R0,[R0, #+0]
   \   000001F8   0x.... 0x....      BL       __aeabi_f2d
   \   000001FC   0xF05F 0x3233      MOVS     R2,#+858993459
   \   00000200   0x....             LDR.N    R3,??DataTable2_14  ;; 0x3fe33333
   \   00000202   0x.... 0x....      BL       __aeabi_dadd
   \   00000206   0x2200             MOVS     R2,#+0
   \   00000208   0x2300             MOVS     R3,#+0
   \   0000020A   0x.... 0x....      BL       __aeabi_cdcmple
   \   0000020E   0xD202             BCS.N    ??cal_offset_9
    146            {
    147              offsetTemp = -0.6;
   \   00000210   0x....             LDR.N    R0,??DataTable2_20  ;; 0xbf19999a
   \   00000212   0x....             LDR.N    R1,??DataTable2_17
   \   00000214   0x6008             STR      R0,[R1, #+0]
    148            }
    149            
    150          //  offset = offsetTemp;
    151            
    152          ////  second_offset = offset;
    153            offset = offsetTemp*0.2
    154                     + his_offset[1]*0.2
    155                     + his_offset[2]*0.2
    156                     + his_offset[3]*0.2
    157                     + his_offset[4]*0.2;
   \                     ??cal_offset_9: (+1)
   \   00000216   0x....             LDR.N    R0,??DataTable2_17
   \   00000218   0x6800             LDR      R0,[R0, #+0]
   \   0000021A   0x.... 0x....      BL       __aeabi_f2d
   \   0000021E   0x....             LDR.N    R2,??DataTable2_15  ;; 0x9999999a
   \   00000220   0x....             LDR.N    R3,??DataTable2_21  ;; 0x3fc99999
   \   00000222   0x.... 0x....      BL       __aeabi_dmul
   \   00000226   0x0004             MOVS     R4,R0
   \   00000228   0x000D             MOVS     R5,R1
   \   0000022A   0x....             LDR.N    R0,??DataTable2_22
   \   0000022C   0x6840             LDR      R0,[R0, #+4]
   \   0000022E   0x.... 0x....      BL       __aeabi_f2d
   \   00000232   0x....             LDR.N    R2,??DataTable2_15  ;; 0x9999999a
   \   00000234   0x....             LDR.N    R3,??DataTable2_21  ;; 0x3fc99999
   \   00000236   0x.... 0x....      BL       __aeabi_dmul
   \   0000023A   0x0022             MOVS     R2,R4
   \   0000023C   0x002B             MOVS     R3,R5
   \   0000023E   0x.... 0x....      BL       __aeabi_dadd
   \   00000242   0x0004             MOVS     R4,R0
   \   00000244   0x000D             MOVS     R5,R1
   \   00000246   0x....             LDR.N    R0,??DataTable2_22
   \   00000248   0x6880             LDR      R0,[R0, #+8]
   \   0000024A   0x.... 0x....      BL       __aeabi_f2d
   \   0000024E   0x....             LDR.N    R2,??DataTable2_15  ;; 0x9999999a
   \   00000250   0x....             LDR.N    R3,??DataTable2_21  ;; 0x3fc99999
   \   00000252   0x.... 0x....      BL       __aeabi_dmul
   \   00000256   0x0022             MOVS     R2,R4
   \   00000258   0x002B             MOVS     R3,R5
   \   0000025A   0x.... 0x....      BL       __aeabi_dadd
   \   0000025E   0x0004             MOVS     R4,R0
   \   00000260   0x000D             MOVS     R5,R1
   \   00000262   0x....             LDR.N    R0,??DataTable2_22
   \   00000264   0x68C0             LDR      R0,[R0, #+12]
   \   00000266   0x.... 0x....      BL       __aeabi_f2d
   \   0000026A   0x....             LDR.N    R2,??DataTable2_15  ;; 0x9999999a
   \   0000026C   0x....             LDR.N    R3,??DataTable2_21  ;; 0x3fc99999
   \   0000026E   0x.... 0x....      BL       __aeabi_dmul
   \   00000272   0x0022             MOVS     R2,R4
   \   00000274   0x002B             MOVS     R3,R5
   \   00000276   0x.... 0x....      BL       __aeabi_dadd
   \   0000027A   0x0004             MOVS     R4,R0
   \   0000027C   0x000D             MOVS     R5,R1
   \   0000027E   0x....             LDR.N    R0,??DataTable2_22
   \   00000280   0x6900             LDR      R0,[R0, #+16]
   \   00000282   0x.... 0x....      BL       __aeabi_f2d
   \   00000286   0x....             LDR.N    R2,??DataTable2_15  ;; 0x9999999a
   \   00000288   0x....             LDR.N    R3,??DataTable2_21  ;; 0x3fc99999
   \   0000028A   0x.... 0x....      BL       __aeabi_dmul
   \   0000028E   0x0022             MOVS     R2,R4
   \   00000290   0x002B             MOVS     R3,R5
   \   00000292   0x.... 0x....      BL       __aeabi_dadd
   \   00000296   0x.... 0x....      BL       __aeabi_d2f
   \   0000029A   0x....             LDR.N    R1,??DataTable2_23
   \   0000029C   0x6008             STR      R0,[R1, #+0]
    158          //  
    159          //
    160          //  
    161            for(i = 4;i>0;i--)
   \   0000029E   0x2004             MOVS     R0,#+4
   \   000002A0   0x....             LDR.N    R1,??DataTable2_24
   \   000002A2   0x6008             STR      R0,[R1, #+0]
   \   000002A4   0xE010             B.N      ??cal_offset_10
    162            {
    163              his_offset[i] = his_offset[i-1];
   \                     ??cal_offset_11: (+1)
   \   000002A6   0x....             LDR.N    R0,??DataTable2_22
   \   000002A8   0x....             LDR.N    R1,??DataTable2_24
   \   000002AA   0x6809             LDR      R1,[R1, #+0]
   \   000002AC   0xEB10 0x0081      ADDS     R0,R0,R1, LSL #+2
   \   000002B0   0xF850 0x0C04      LDR      R0,[R0, #-4]
   \   000002B4   0x....             LDR.N    R1,??DataTable2_22
   \   000002B6   0x....             LDR.N    R2,??DataTable2_24
   \   000002B8   0x6812             LDR      R2,[R2, #+0]
   \   000002BA   0xF841 0x0022      STR      R0,[R1, R2, LSL #+2]
    164            }
   \   000002BE   0x....             LDR.N    R0,??DataTable2_24
   \   000002C0   0x6800             LDR      R0,[R0, #+0]
   \   000002C2   0x1E40             SUBS     R0,R0,#+1
   \   000002C4   0x....             LDR.N    R1,??DataTable2_24
   \   000002C6   0x6008             STR      R0,[R1, #+0]
   \                     ??cal_offset_10: (+1)
   \   000002C8   0x....             LDR.N    R0,??DataTable2_24
   \   000002CA   0x6800             LDR      R0,[R0, #+0]
   \   000002CC   0x2801             CMP      R0,#+1
   \   000002CE   0xDAEA             BGE.N    ??cal_offset_11
    165            his_offset[0] = offset;
   \   000002D0   0x....             LDR.N    R0,??DataTable2_23
   \   000002D2   0x6800             LDR      R0,[R0, #+0]
   \   000002D4   0x....             LDR.N    R1,??DataTable2_22
   \   000002D6   0x6008             STR      R0,[R1, #+0]
    166          
    167          }
   \   000002D8   0xBDF1             POP      {R0,R4-R7,PC}    ;; return

   \                                 In section .bss, align 4
   \                     ??i:
   \   00000000                      DS8 4

   \                                 In section .text, align 4, keep-with-next
   \                     ??DataTable2:
   \   00000000   0x4003B000         DC32     0x4003b000

   \                                 In section .text, align 4, keep-with-next
   \                     ??DataTable2_1:
   \   00000000   0x........         DC32     channel

   \                                 In section .text, align 4, keep-with-next
   \                     ??DataTable2_2:
   \   00000000   0x........         DC32     AD_temp

   \                                 In section .text, align 4, keep-with-next
   \                     ??DataTable2_3:
   \   00000000   0x........         DC32     AD_result

   \                                 In section .text, align 4, keep-with-next
   \                     ??DataTable2_4:
   \   00000000   0x........         DC32     AD1Basic

   \                                 In section .text, align 4, keep-with-next
   \                     ??DataTable2_5:
   \   00000000   0x........         DC32     angle

   \                                 In section .text, align 4, keep-with-next
   \                     ??DataTable2_6:
   \   00000000   0x40290000         DC32     0x40290000

   \                                 In section .text, align 4, keep-with-next
   \                     ??DataTable2_7:
   \   00000000   0x404E0000         DC32     0x404e0000

   \                                 In section .text, align 4, keep-with-next
   \                     ??DataTable2_8:
   \   00000000   0x3FF00000         DC32     0x3ff00000

   \                                 In section .text, align 4, keep-with-next
   \                     ??DataTable2_9:
   \   00000000   0x........         DC32     nowADBase

   \                                 In section .text, align 4, keep-with-next
   \                     ??DataTable2_10:
   \   00000000   0x437E0001         DC32     0x437e0001

   \                                 In section .text, align 4, keep-with-next
   \                     ??DataTable2_11:
   \   00000000   0x437E0000         DC32     0x437e0000

   \                                 In section .text, align 4, keep-with-next
   \                     ??DataTable2_12:
   \   00000000   0x........         DC32     first_offset

   \                                 In section .text, align 4, keep-with-next
   \                     ??DataTable2_13:
   \   00000000   0x3FE66666         DC32     0x3fe66666

   \                                 In section .text, align 4, keep-with-next
   \                     ??DataTable2_14:
   \   00000000   0x3FE33333         DC32     0x3fe33333

   \                                 In section .text, align 4, keep-with-next
   \                     ??DataTable2_15:
   \   00000000   0x9999999A         DC32     0x9999999a

   \                                 In section .text, align 4, keep-with-next
   \                     ??DataTable2_16:
   \   00000000   0x3FD99999         DC32     0x3fd99999

   \                                 In section .text, align 4, keep-with-next
   \                     ??DataTable2_17:
   \   00000000   0x........         DC32     offsetTemp

   \                                 In section .text, align 4, keep-with-next
   \                     ??DataTable2_18:
   \   00000000   0xBFE33333         DC32     0xbfe33333

   \                                 In section .text, align 4, keep-with-next
   \                     ??DataTable2_19:
   \   00000000   0x3F19999A         DC32     0x3f19999a

   \                                 In section .text, align 4, keep-with-next
   \                     ??DataTable2_20:
   \   00000000   0xBF19999A         DC32     0xbf19999a

   \                                 In section .text, align 4, keep-with-next
   \                     ??DataTable2_21:
   \   00000000   0x3FC99999         DC32     0x3fc99999

   \                                 In section .text, align 4, keep-with-next
   \                     ??DataTable2_22:
   \   00000000   0x........         DC32     his_offset

   \                                 In section .text, align 4, keep-with-next
   \                     ??DataTable2_23:
   \   00000000   0x........         DC32     offset

   \                                 In section .text, align 4, keep-with-next
   \                     ??DataTable2_24:
   \   00000000   0x........         DC32     ??i

   Maximum stack usage in bytes:

   .cstack Function
   ------- --------
      24   cal_offset
        24   -> __aeabi_d2f
        24   -> __aeabi_dadd
        24   -> __aeabi_ddiv
        24   -> __aeabi_dmul
        24   -> __aeabi_dsub
        24   -> __aeabi_f2d
        24   -> __aeabi_fadd
        24   -> __aeabi_fdiv
        24   -> __aeabi_fsub
        24   -> sin
        24 __aeabi_cdcmple
        24 __aeabi_cdrcmple
        24 __aeabi_cfcmple
        24 __aeabi_cfrcmple
       8   get_ad
         8   -> LPLD_ADC_Get
         8   -> __aeabi_fadd
         8   -> __aeabi_fdiv
         8   -> __aeabi_ui2f
       8   get_ad_once
         8   -> LPLD_ADC_Get
         8   -> __aeabi_fadd
         8   -> __aeabi_fdiv
         8   -> __aeabi_ui2f


   Section sizes:

   Bytes  Function/Label
   -----  --------------
       4  ??DataTable2
       4  ??DataTable2_1
       4  ??DataTable2_10
       4  ??DataTable2_11
       4  ??DataTable2_12
       4  ??DataTable2_13
       4  ??DataTable2_14
       4  ??DataTable2_15
       4  ??DataTable2_16
       4  ??DataTable2_17
       4  ??DataTable2_18
       4  ??DataTable2_19
       4  ??DataTable2_2
       4  ??DataTable2_20
       4  ??DataTable2_21
       4  ??DataTable2_22
       4  ??DataTable2_23
       4  ??DataTable2_24
       4  ??DataTable2_3
       4  ??DataTable2_4
       4  ??DataTable2_5
       4  ??DataTable2_6
       4  ??DataTable2_7
       4  ??DataTable2_8
       4  ??DataTable2_9
       4  AD1Basic
       4  AD_2
      40  AD_his
      12  AD_result
      12  AD_temp
      20  AD_var
     730  cal_offset
     192  channel
      12  first_offset
     240  get_ad
     264  get_ad_once
      20  his_offset
       4  i
       4  nowADBase
       4  offset
       4  offsetTemp
       4  second_offset
       4  sum_offset
       8  var
      40  x
       4  x_sum
       4  xx_sum
       4  xy_sum
       4  y_sum

 
   344 bytes in section .bss
    60 bytes in section .rodata
 1 334 bytes in section .text
 
 1 334 bytes of CODE  memory
    60 bytes of CONST memory
   344 bytes of DATA  memory

Errors: none
Warnings: none
