###############################################################################
#
# IAR ANSI C/C++ Compiler V7.20.2.7424/W32 for ARM        15/Aug/2016  15:07:12
# Copyright 1999-2014 IAR Systems AB.
#
#    Cpu mode     =  thumb
#    Endian       =  little
#    Source file  =  E:\LPLD_OSKinetis_V3.1\project\balanceNewCar\app\Fuzzy.c
#    Command line =  
#        E:\LPLD_OSKinetis_V3.1\project\balanceNewCar\app\Fuzzy.c -D LPLD_K60
#        -D USE_K60D10 -lCN
#        E:\LPLD_OSKinetis_V3.1\project\balanceNewCar\iar\FLASH\List\ -lB
#        E:\LPLD_OSKinetis_V3.1\project\balanceNewCar\iar\FLASH\List\ -o
#        E:\LPLD_OSKinetis_V3.1\project\balanceNewCar\iar\FLASH\Obj\ --no_cse
#        --no_unroll --no_inline --no_code_motion --no_tbaa --no_clustering
#        --no_scheduling --debug --endian=little --cpu=Cortex-M4 -e --fpu=None
#        --dlib_config "F:\Program
#        Files\IAR_FOR_ARM\arm\INC\c\DLib_Config_Normal.h" -I
#        E:\LPLD_OSKinetis_V3.1\project\balanceNewCar\iar\..\app\ -I
#        E:\LPLD_OSKinetis_V3.1\project\balanceNewCar\iar\..\..\..\lib\CPU\ -I
#        E:\LPLD_OSKinetis_V3.1\project\balanceNewCar\iar\..\..\..\lib\common\
#        -I E:\LPLD_OSKinetis_V3.1\project\balanceNewCar\iar\..\..\..\lib\LPLD\
#        -I
#        E:\LPLD_OSKinetis_V3.1\project\balanceNewCar\iar\..\..\..\lib\LPLD\HW\
#        -I
#        E:\LPLD_OSKinetis_V3.1\project\balanceNewCar\iar\..\..\..\lib\LPLD\DEV\
#        -I
#        E:\LPLD_OSKinetis_V3.1\project\balanceNewCar\iar\..\..\..\lib\LPLD\FUNC\
#        -I
#        E:\LPLD_OSKinetis_V3.1\project\balanceNewCar\iar\..\..\..\lib\uCOS-II\Ports\
#        -I
#        E:\LPLD_OSKinetis_V3.1\project\balanceNewCar\iar\..\..\..\lib\uCOS-II\Source\
#        -I
#        E:\LPLD_OSKinetis_V3.1\project\balanceNewCar\iar\..\..\..\lib\FatFs\
#        -I
#        E:\LPLD_OSKinetis_V3.1\project\balanceNewCar\iar\..\..\..\lib\FatFs\option\
#        -I
#        E:\LPLD_OSKinetis_V3.1\project\balanceNewCar\iar\..\..\..\lib\USB\common\
#        -I
#        E:\LPLD_OSKinetis_V3.1\project\balanceNewCar\iar\..\..\..\lib\USB\driver\
#        -I
#        E:\LPLD_OSKinetis_V3.1\project\balanceNewCar\iar\..\..\..\lib\USB\descriptor\
#        -I
#        E:\LPLD_OSKinetis_V3.1\project\balanceNewCar\iar\..\..\..\lib\USB\class\
#        -Ol -I "F:\Program Files\IAR_FOR_ARM\arm\CMSIS\Include\" -D
#        ARM_MATH_CM4
#    List file    =  
#        E:\LPLD_OSKinetis_V3.1\project\balanceNewCar\iar\FLASH\List\Fuzzy.lst
#    Object file  =  
#        E:\LPLD_OSKinetis_V3.1\project\balanceNewCar\iar\FLASH\Obj\Fuzzy.o
#
###############################################################################

E:\LPLD_OSKinetis_V3.1\project\balanceNewCar\app\Fuzzy.c
      1          /******************************************************************************
      2          *******************************************************************************
      3          *                           Freescale-长春大学--樱                            *
      4          *                               模糊算法子程序                                *
      5          *                                                                             *
      6          *                                                                             *
      7          *                                                                             *
      8          *                                                                             *
      9          *                                               Miz.Wong                      *
     10          *                                                  @                          *
     11          *                                             Innovation.Lab                  *
     12          *******************************************************************************/
     13          #include "common.h"
     14          #include "Fuzzy.h"
     15          
     16          /**********************************************************************
     17          * 函数名称：FuzzyCtrl
     18          * 函数功能：模糊化 去模糊
     19          * 入口参数：FuzzyStruct* Fuzzy_S
     20          * 出口参数：Fuzzy Value
     21          **********************************************************************/

   \                                 In section .text, align 2, keep-with-next
     22          float FuzzyCtrl(FuzzyStruct* Fuzzy_S)
     23          {
   \                     FuzzyCtrl: (+1)
   \   00000000   0xB570             PUSH     {R4-R6,LR}
   \   00000002   0xB090             SUB      SP,SP,#+64
   \   00000004   0x0004             MOVS     R4,R0
     24            float  eFuzzy[2] = { 0.0, 0.0 };//偏差
   \   00000006   0xA802             ADD      R0,SP,#+8
   \   00000008   0x2100             MOVS     R1,#+0
   \   0000000A   0x2200             MOVS     R2,#+0
   \   0000000C   0xC006             STM      R0!,{R1,R2}
   \   0000000E   0x3808             SUBS     R0,R0,#+8
     25            float  ecFuzzy[2] = { 0.0, 0.0 };//偏差微分
   \   00000010   0xA800             ADD      R0,SP,#+0
   \   00000012   0x2100             MOVS     R1,#+0
   \   00000014   0x2200             MOVS     R2,#+0
   \   00000016   0xC006             STM      R0!,{R1,R2}
   \   00000018   0x3808             SUBS     R0,R0,#+8
     26            float  QRule[4] = { 0.0, 0.0, 0.0, 0.0 }; //URule[]输出值
   \   0000001A   0xA80C             ADD      R0,SP,#+48
   \   0000001C   0x2110             MOVS     R1,#+16
   \   0000001E   0x.... 0x....      BL       __aeabi_memclr4
     27            float  U1Fuzzy[4] = { 0.0, 0.0, 0.0, 0.0 }; //输出值的隶属度
   \   00000022   0xA804             ADD      R0,SP,#+16
   \   00000024   0x2110             MOVS     R1,#+16
   \   00000026   0x.... 0x....      BL       __aeabi_memclr4
     28            int  pe = 0, pec = 0, U1Rule[4] = { 0, 0, 0, 0 };//偏差  偏差的变化率  采用的四条规则
   \   0000002A   0x2500             MOVS     R5,#+0
   \   0000002C   0x2600             MOVS     R6,#+0
   \   0000002E   0xA808             ADD      R0,SP,#+32
   \   00000030   0x2110             MOVS     R1,#+16
   \   00000032   0x.... 0x....      BL       __aeabi_memclr4
     29            float U = 0;//输出值的精确量
   \   00000036   0x2000             MOVS     R0,#+0
     30            int rank;//隶属度级别
     31            float   temp1, temp2;//重心法中间变量
     32            rank = Fuzzy_S->Rank;
   \   00000038   0x7821             LDRB     R1,[R4, #+0]
     33            
     34            /*----------------------------------------模糊语言描述------------------------------------------*/
     35            switch (rank)
   \   0000003A   0x2903             CMP      R1,#+3
   \   0000003C   0xF000 0x838E      BEQ.W    ??FuzzyCtrl_0
   \   00000040   0x2905             CMP      R1,#+5
   \   00000042   0xF000 0x82B8      BEQ.W    ??FuzzyCtrl_1
   \   00000046   0x2907             CMP      R1,#+7
   \   00000048   0xF000 0x8187      BEQ.W    ??FuzzyCtrl_2
   \   0000004C   0x2909             CMP      R1,#+9
   \   0000004E   0xF040 0x8400      BNE.W    ??FuzzyCtrl_3
     36            {
     37            case 9:
     38              {
     39                /*-----误差隶属函数描述-----*/
     40                if (Fuzzy_S->fe <= Fuzzy_S->eRule[0])		            // |x_x_x_x_x_x_x_x_x_
   \                     ??FuzzyCtrl_4: (+1)
   \   00000052   0x68E0             LDR      R0,[R4, #+12]
   \   00000054   0x6861             LDR      R1,[R4, #+4]
   \   00000056   0x.... 0x....      BL       __aeabi_cfrcmple
   \   0000005A   0xD805             BHI.N    ??FuzzyCtrl_5
     41                {
     42                  eFuzzy[0] = 1.0;
   \   0000005C   0xF05F 0x507E      MOVS     R0,#+1065353216
   \   00000060   0x9002             STR      R0,[SP, #+8]
     43                  pe = -3;
   \   00000062   0xF07F 0x0502      MVNS     R5,#+2
   \   00000066   0xE0B2             B.N      ??FuzzyCtrl_6
     44                }
     45                else if (Fuzzy_S->fe <= Fuzzy_S->eRule[1])	         // _x|x_x_x_x_x_x_x_x_
   \                     ??FuzzyCtrl_5: (+1)
   \   00000068   0x6920             LDR      R0,[R4, #+16]
   \   0000006A   0x6861             LDR      R1,[R4, #+4]
   \   0000006C   0x.... 0x....      BL       __aeabi_cfrcmple
   \   00000070   0xD810             BHI.N    ??FuzzyCtrl_7
     46                {
     47                  eFuzzy[0] = (Fuzzy_S->eRule[1] - Fuzzy_S->fe) / (Fuzzy_S->eRule[1] - Fuzzy_S->eRule[0]);//逼近程度表述 归一化
   \   00000072   0x6920             LDR      R0,[R4, #+16]
   \   00000074   0x6861             LDR      R1,[R4, #+4]
   \   00000076   0x.... 0x....      BL       __aeabi_fsub
   \   0000007A   0x0005             MOVS     R5,R0
   \   0000007C   0x6920             LDR      R0,[R4, #+16]
   \   0000007E   0x68E1             LDR      R1,[R4, #+12]
   \   00000080   0x.... 0x....      BL       __aeabi_fsub
   \   00000084   0x0001             MOVS     R1,R0
   \   00000086   0x0028             MOVS     R0,R5
   \   00000088   0x.... 0x....      BL       __aeabi_fdiv
   \   0000008C   0x9002             STR      R0,[SP, #+8]
     48                  pe = -3;
   \   0000008E   0xF07F 0x0502      MVNS     R5,#+2
   \   00000092   0xE09C             B.N      ??FuzzyCtrl_6
     49                }
     50                else if (Fuzzy_S->fe <= Fuzzy_S->eRule[2])	        // _x_x|x_x_x_x_x_x_x_
   \                     ??FuzzyCtrl_7: (+1)
   \   00000094   0x6960             LDR      R0,[R4, #+20]
   \   00000096   0x6861             LDR      R1,[R4, #+4]
   \   00000098   0x.... 0x....      BL       __aeabi_cfrcmple
   \   0000009C   0xD810             BHI.N    ??FuzzyCtrl_8
     51                {
     52                  eFuzzy[0] = (Fuzzy_S->eRule[2] - Fuzzy_S->fe) / (Fuzzy_S->eRule[2] - Fuzzy_S->eRule[1]);
   \   0000009E   0x6960             LDR      R0,[R4, #+20]
   \   000000A0   0x6861             LDR      R1,[R4, #+4]
   \   000000A2   0x.... 0x....      BL       __aeabi_fsub
   \   000000A6   0x0005             MOVS     R5,R0
   \   000000A8   0x6960             LDR      R0,[R4, #+20]
   \   000000AA   0x6921             LDR      R1,[R4, #+16]
   \   000000AC   0x.... 0x....      BL       __aeabi_fsub
   \   000000B0   0x0001             MOVS     R1,R0
   \   000000B2   0x0028             MOVS     R0,R5
   \   000000B4   0x.... 0x....      BL       __aeabi_fdiv
   \   000000B8   0x9002             STR      R0,[SP, #+8]
     53                  pe = -2;
   \   000000BA   0xF07F 0x0501      MVNS     R5,#+1
   \   000000BE   0xE086             B.N      ??FuzzyCtrl_6
     54                }
     55                else if (Fuzzy_S->fe <= Fuzzy_S->eRule[3])	        // _x_x_x|x_x_x_x_x_x_
   \                     ??FuzzyCtrl_8: (+1)
   \   000000C0   0x69A0             LDR      R0,[R4, #+24]
   \   000000C2   0x6861             LDR      R1,[R4, #+4]
   \   000000C4   0x.... 0x....      BL       __aeabi_cfrcmple
   \   000000C8   0xD810             BHI.N    ??FuzzyCtrl_9
     56                {
     57                  eFuzzy[0] = (Fuzzy_S->eRule[3] - Fuzzy_S->fe) / (Fuzzy_S->eRule[3] - Fuzzy_S->eRule[2]);
   \   000000CA   0x69A0             LDR      R0,[R4, #+24]
   \   000000CC   0x6861             LDR      R1,[R4, #+4]
   \   000000CE   0x.... 0x....      BL       __aeabi_fsub
   \   000000D2   0x0005             MOVS     R5,R0
   \   000000D4   0x69A0             LDR      R0,[R4, #+24]
   \   000000D6   0x6961             LDR      R1,[R4, #+20]
   \   000000D8   0x.... 0x....      BL       __aeabi_fsub
   \   000000DC   0x0001             MOVS     R1,R0
   \   000000DE   0x0028             MOVS     R0,R5
   \   000000E0   0x.... 0x....      BL       __aeabi_fdiv
   \   000000E4   0x9002             STR      R0,[SP, #+8]
     58                  pe = -1;
   \   000000E6   0xF05F 0x35FF      MOVS     R5,#-1
   \   000000EA   0xE070             B.N      ??FuzzyCtrl_6
     59                }
     60                else if (Fuzzy_S->fe <= Fuzzy_S->eRule[4])		    // _x_x_x_x|x_x_x_x_x_
   \                     ??FuzzyCtrl_9: (+1)
   \   000000EC   0x69E0             LDR      R0,[R4, #+28]
   \   000000EE   0x6861             LDR      R1,[R4, #+4]
   \   000000F0   0x.... 0x....      BL       __aeabi_cfrcmple
   \   000000F4   0xD80F             BHI.N    ??FuzzyCtrl_10
     61                {
     62                  eFuzzy[0] = (Fuzzy_S->eRule[4] - Fuzzy_S->fe) / (Fuzzy_S->eRule[4] - Fuzzy_S->eRule[3]);
   \   000000F6   0x69E0             LDR      R0,[R4, #+28]
   \   000000F8   0x6861             LDR      R1,[R4, #+4]
   \   000000FA   0x.... 0x....      BL       __aeabi_fsub
   \   000000FE   0x0005             MOVS     R5,R0
   \   00000100   0x69E0             LDR      R0,[R4, #+28]
   \   00000102   0x69A1             LDR      R1,[R4, #+24]
   \   00000104   0x.... 0x....      BL       __aeabi_fsub
   \   00000108   0x0001             MOVS     R1,R0
   \   0000010A   0x0028             MOVS     R0,R5
   \   0000010C   0x.... 0x....      BL       __aeabi_fdiv
   \   00000110   0x9002             STR      R0,[SP, #+8]
     63                  pe = 0;
   \   00000112   0x2500             MOVS     R5,#+0
   \   00000114   0xE05B             B.N      ??FuzzyCtrl_6
     64                }
     65                else if (Fuzzy_S->fe <= Fuzzy_S->eRule[5])		     // _x_x_x_x_x|x_x_x_x_
   \                     ??FuzzyCtrl_10: (+1)
   \   00000116   0x6A20             LDR      R0,[R4, #+32]
   \   00000118   0x6861             LDR      R1,[R4, #+4]
   \   0000011A   0x.... 0x....      BL       __aeabi_cfrcmple
   \   0000011E   0xD80F             BHI.N    ??FuzzyCtrl_11
     66                {
     67                  eFuzzy[0] = (Fuzzy_S->eRule[5] - Fuzzy_S->fe) / (Fuzzy_S->eRule[5] - Fuzzy_S->eRule[4]);
   \   00000120   0x6A20             LDR      R0,[R4, #+32]
   \   00000122   0x6861             LDR      R1,[R4, #+4]
   \   00000124   0x.... 0x....      BL       __aeabi_fsub
   \   00000128   0x0005             MOVS     R5,R0
   \   0000012A   0x6A20             LDR      R0,[R4, #+32]
   \   0000012C   0x69E1             LDR      R1,[R4, #+28]
   \   0000012E   0x.... 0x....      BL       __aeabi_fsub
   \   00000132   0x0001             MOVS     R1,R0
   \   00000134   0x0028             MOVS     R0,R5
   \   00000136   0x.... 0x....      BL       __aeabi_fdiv
   \   0000013A   0x9002             STR      R0,[SP, #+8]
     68                  pe = 1;
   \   0000013C   0x2501             MOVS     R5,#+1
   \   0000013E   0xE046             B.N      ??FuzzyCtrl_6
     69                }
     70                else if (Fuzzy_S->fe <= Fuzzy_S->eRule[6])		     // _x_x_x_x_x_x|x_x_x_
   \                     ??FuzzyCtrl_11: (+1)
   \   00000140   0x6A60             LDR      R0,[R4, #+36]
   \   00000142   0x6861             LDR      R1,[R4, #+4]
   \   00000144   0x.... 0x....      BL       __aeabi_cfrcmple
   \   00000148   0xD80F             BHI.N    ??FuzzyCtrl_12
     71                {
     72                  eFuzzy[0] = (Fuzzy_S->eRule[6] - Fuzzy_S->fe) / (Fuzzy_S->eRule[6] - Fuzzy_S->eRule[5]);
   \   0000014A   0x6A60             LDR      R0,[R4, #+36]
   \   0000014C   0x6861             LDR      R1,[R4, #+4]
   \   0000014E   0x.... 0x....      BL       __aeabi_fsub
   \   00000152   0x0005             MOVS     R5,R0
   \   00000154   0x6A60             LDR      R0,[R4, #+36]
   \   00000156   0x6A21             LDR      R1,[R4, #+32]
   \   00000158   0x.... 0x....      BL       __aeabi_fsub
   \   0000015C   0x0001             MOVS     R1,R0
   \   0000015E   0x0028             MOVS     R0,R5
   \   00000160   0x.... 0x....      BL       __aeabi_fdiv
   \   00000164   0x9002             STR      R0,[SP, #+8]
     73                  pe = 2;
   \   00000166   0x2502             MOVS     R5,#+2
   \   00000168   0xE031             B.N      ??FuzzyCtrl_6
     74                }
     75                else if (Fuzzy_S->fe <= Fuzzy_S->eRule[7])		     // _x_x_x_x_x_x_x|x_x_
   \                     ??FuzzyCtrl_12: (+1)
   \   0000016A   0x6AA0             LDR      R0,[R4, #+40]
   \   0000016C   0x6861             LDR      R1,[R4, #+4]
   \   0000016E   0x.... 0x....      BL       __aeabi_cfrcmple
   \   00000172   0xD80F             BHI.N    ??FuzzyCtrl_13
     76                {
     77                  eFuzzy[0] = (Fuzzy_S->eRule[7] - Fuzzy_S->fe) / (Fuzzy_S->eRule[7] - Fuzzy_S->eRule[6]);
   \   00000174   0x6AA0             LDR      R0,[R4, #+40]
   \   00000176   0x6861             LDR      R1,[R4, #+4]
   \   00000178   0x.... 0x....      BL       __aeabi_fsub
   \   0000017C   0x0005             MOVS     R5,R0
   \   0000017E   0x6AA0             LDR      R0,[R4, #+40]
   \   00000180   0x6A61             LDR      R1,[R4, #+36]
   \   00000182   0x.... 0x....      BL       __aeabi_fsub
   \   00000186   0x0001             MOVS     R1,R0
   \   00000188   0x0028             MOVS     R0,R5
   \   0000018A   0x.... 0x....      BL       __aeabi_fdiv
   \   0000018E   0x9002             STR      R0,[SP, #+8]
     78                  pe = 3;
   \   00000190   0x2503             MOVS     R5,#+3
   \   00000192   0xE01C             B.N      ??FuzzyCtrl_6
     79                }
     80                else if (Fuzzy_S->fe <= Fuzzy_S->eRule[8])		     // _x_x_x_x_x_x_x_x|x_
   \                     ??FuzzyCtrl_13: (+1)
   \   00000194   0x6AE0             LDR      R0,[R4, #+44]
   \   00000196   0x6861             LDR      R1,[R4, #+4]
   \   00000198   0x.... 0x....      BL       __aeabi_cfrcmple
   \   0000019C   0xD80F             BHI.N    ??FuzzyCtrl_14
     81                {
     82                  eFuzzy[0] = (Fuzzy_S->eRule[8] - Fuzzy_S->fe) / (Fuzzy_S->eRule[8] - Fuzzy_S->eRule[7]);
   \   0000019E   0x6AE0             LDR      R0,[R4, #+44]
   \   000001A0   0x6861             LDR      R1,[R4, #+4]
   \   000001A2   0x.... 0x....      BL       __aeabi_fsub
   \   000001A6   0x0005             MOVS     R5,R0
   \   000001A8   0x6AE0             LDR      R0,[R4, #+44]
   \   000001AA   0x6AA1             LDR      R1,[R4, #+40]
   \   000001AC   0x.... 0x....      BL       __aeabi_fsub
   \   000001B0   0x0001             MOVS     R1,R0
   \   000001B2   0x0028             MOVS     R0,R5
   \   000001B4   0x.... 0x....      BL       __aeabi_fdiv
   \   000001B8   0x9002             STR      R0,[SP, #+8]
     83                  pe = 4;
   \   000001BA   0x2504             MOVS     R5,#+4
   \   000001BC   0xE007             B.N      ??FuzzyCtrl_6
     84                }
     85                else if (Fuzzy_S->fe >= Fuzzy_S->eRule[8])			     // _x_x_x_x_x_x_x_x_x|
   \                     ??FuzzyCtrl_14: (+1)
   \   000001BE   0x6860             LDR      R0,[R4, #+4]
   \   000001C0   0x6AE1             LDR      R1,[R4, #+44]
   \   000001C2   0x.... 0x....      BL       __aeabi_cfrcmple
   \   000001C6   0xD802             BHI.N    ??FuzzyCtrl_6
     86                {
     87                  eFuzzy[0] = 0;
   \   000001C8   0x2000             MOVS     R0,#+0
   \   000001CA   0x9002             STR      R0,[SP, #+8]
     88                  pe = 4;
   \   000001CC   0x2504             MOVS     R5,#+4
     89                }
     90                eFuzzy[1] = 1 - eFuzzy[0];
   \                     ??FuzzyCtrl_6: (+1)
   \   000001CE   0xF05F 0x507E      MOVS     R0,#+1065353216
   \   000001D2   0x9902             LDR      R1,[SP, #+8]
   \   000001D4   0x.... 0x....      BL       __aeabi_fsub
   \   000001D8   0x9003             STR      R0,[SP, #+12]
     91                
     92                /*-----误差变化隶属函数描述---*/
     93                if (Fuzzy_S->fec <= Fuzzy_S->ecRule[0])
   \   000001DA   0x6B20             LDR      R0,[R4, #+48]
   \   000001DC   0x68A1             LDR      R1,[R4, #+8]
   \   000001DE   0x.... 0x....      BL       __aeabi_cfrcmple
   \   000001E2   0xD805             BHI.N    ??FuzzyCtrl_15
     94                {
     95                  ecFuzzy[0] = 1.0;
   \   000001E4   0xF05F 0x507E      MOVS     R0,#+1065353216
   \   000001E8   0x9000             STR      R0,[SP, #+0]
     96                  pec = -3;
   \   000001EA   0xF07F 0x0602      MVNS     R6,#+2
   \   000001EE   0xE0AD             B.N      ??FuzzyCtrl_16
     97                }
     98                else if (Fuzzy_S->fec <= Fuzzy_S->ecRule[1])
   \                     ??FuzzyCtrl_15: (+1)
   \   000001F0   0x6B60             LDR      R0,[R4, #+52]
   \   000001F2   0x68A1             LDR      R1,[R4, #+8]
   \   000001F4   0x.... 0x....      BL       __aeabi_cfrcmple
   \   000001F8   0xD810             BHI.N    ??FuzzyCtrl_17
     99                {
    100                  ecFuzzy[0] = (Fuzzy_S->ecRule[1] - Fuzzy_S->fec) / (Fuzzy_S->ecRule[1] - Fuzzy_S->ecRule[0]); //逼近程度表述
   \   000001FA   0x6B60             LDR      R0,[R4, #+52]
   \   000001FC   0x68A1             LDR      R1,[R4, #+8]
   \   000001FE   0x.... 0x....      BL       __aeabi_fsub
   \   00000202   0x0006             MOVS     R6,R0
   \   00000204   0x6B60             LDR      R0,[R4, #+52]
   \   00000206   0x6B21             LDR      R1,[R4, #+48]
   \   00000208   0x.... 0x....      BL       __aeabi_fsub
   \   0000020C   0x0001             MOVS     R1,R0
   \   0000020E   0x0030             MOVS     R0,R6
   \   00000210   0x.... 0x....      BL       __aeabi_fdiv
   \   00000214   0x9000             STR      R0,[SP, #+0]
    101                  pec = -3;
   \   00000216   0xF07F 0x0602      MVNS     R6,#+2
   \   0000021A   0xE097             B.N      ??FuzzyCtrl_16
    102                }
    103                else if (Fuzzy_S->fec <= Fuzzy_S->ecRule[2])
   \                     ??FuzzyCtrl_17: (+1)
   \   0000021C   0x6BA0             LDR      R0,[R4, #+56]
   \   0000021E   0x68A1             LDR      R1,[R4, #+8]
   \   00000220   0x.... 0x....      BL       __aeabi_cfrcmple
   \   00000224   0xD810             BHI.N    ??FuzzyCtrl_18
    104                {
    105                  ecFuzzy[0] = (Fuzzy_S->ecRule[2] - Fuzzy_S->fec) / (Fuzzy_S->ecRule[2] - Fuzzy_S->ecRule[1]);
   \   00000226   0x6BA0             LDR      R0,[R4, #+56]
   \   00000228   0x68A1             LDR      R1,[R4, #+8]
   \   0000022A   0x.... 0x....      BL       __aeabi_fsub
   \   0000022E   0x0006             MOVS     R6,R0
   \   00000230   0x6BA0             LDR      R0,[R4, #+56]
   \   00000232   0x6B61             LDR      R1,[R4, #+52]
   \   00000234   0x.... 0x....      BL       __aeabi_fsub
   \   00000238   0x0001             MOVS     R1,R0
   \   0000023A   0x0030             MOVS     R0,R6
   \   0000023C   0x.... 0x....      BL       __aeabi_fdiv
   \   00000240   0x9000             STR      R0,[SP, #+0]
    106                  pec = -2;
   \   00000242   0xF07F 0x0601      MVNS     R6,#+1
   \   00000246   0xE081             B.N      ??FuzzyCtrl_16
    107                }
    108                else if (Fuzzy_S->fec <= Fuzzy_S->ecRule[3])
   \                     ??FuzzyCtrl_18: (+1)
   \   00000248   0x6BE0             LDR      R0,[R4, #+60]
   \   0000024A   0x68A1             LDR      R1,[R4, #+8]
   \   0000024C   0x.... 0x....      BL       __aeabi_cfrcmple
   \   00000250   0xD810             BHI.N    ??FuzzyCtrl_19
    109                {
    110                  ecFuzzy[0] = (Fuzzy_S->ecRule[3] - Fuzzy_S->fec) / (Fuzzy_S->ecRule[3] - Fuzzy_S->ecRule[2]);
   \   00000252   0x6BE0             LDR      R0,[R4, #+60]
   \   00000254   0x68A1             LDR      R1,[R4, #+8]
   \   00000256   0x.... 0x....      BL       __aeabi_fsub
   \   0000025A   0x0006             MOVS     R6,R0
   \   0000025C   0x6BE0             LDR      R0,[R4, #+60]
   \   0000025E   0x6BA1             LDR      R1,[R4, #+56]
   \   00000260   0x.... 0x....      BL       __aeabi_fsub
   \   00000264   0x0001             MOVS     R1,R0
   \   00000266   0x0030             MOVS     R0,R6
   \   00000268   0x.... 0x....      BL       __aeabi_fdiv
   \   0000026C   0x9000             STR      R0,[SP, #+0]
    111                  pec = -1;
   \   0000026E   0xF05F 0x36FF      MOVS     R6,#-1
   \   00000272   0xE06B             B.N      ??FuzzyCtrl_16
    112                }
    113                else if (Fuzzy_S->fec <= Fuzzy_S->ecRule[4])
   \                     ??FuzzyCtrl_19: (+1)
   \   00000274   0x6C20             LDR      R0,[R4, #+64]
   \   00000276   0x68A1             LDR      R1,[R4, #+8]
   \   00000278   0x.... 0x....      BL       __aeabi_cfrcmple
   \   0000027C   0xD80F             BHI.N    ??FuzzyCtrl_20
    114                {
    115                  ecFuzzy[0] = (Fuzzy_S->ecRule[4] - Fuzzy_S->fec) / (Fuzzy_S->ecRule[4] - Fuzzy_S->ecRule[3]);
   \   0000027E   0x6C20             LDR      R0,[R4, #+64]
   \   00000280   0x68A1             LDR      R1,[R4, #+8]
   \   00000282   0x.... 0x....      BL       __aeabi_fsub
   \   00000286   0x0006             MOVS     R6,R0
   \   00000288   0x6C20             LDR      R0,[R4, #+64]
   \   0000028A   0x6BE1             LDR      R1,[R4, #+60]
   \   0000028C   0x.... 0x....      BL       __aeabi_fsub
   \   00000290   0x0001             MOVS     R1,R0
   \   00000292   0x0030             MOVS     R0,R6
   \   00000294   0x.... 0x....      BL       __aeabi_fdiv
   \   00000298   0x9000             STR      R0,[SP, #+0]
    116                  pec = 0;
   \   0000029A   0x2600             MOVS     R6,#+0
   \   0000029C   0xE056             B.N      ??FuzzyCtrl_16
    117                }
    118                else if (Fuzzy_S->fec <= Fuzzy_S->ecRule[5])
   \                     ??FuzzyCtrl_20: (+1)
   \   0000029E   0x6C60             LDR      R0,[R4, #+68]
   \   000002A0   0x68A1             LDR      R1,[R4, #+8]
   \   000002A2   0x.... 0x....      BL       __aeabi_cfrcmple
   \   000002A6   0xD80F             BHI.N    ??FuzzyCtrl_21
    119                {
    120                  ecFuzzy[0] = (Fuzzy_S->ecRule[5] - Fuzzy_S->fec) / (Fuzzy_S->ecRule[5] - Fuzzy_S->ecRule[4]);
   \   000002A8   0x6C60             LDR      R0,[R4, #+68]
   \   000002AA   0x68A1             LDR      R1,[R4, #+8]
   \   000002AC   0x.... 0x....      BL       __aeabi_fsub
   \   000002B0   0x0006             MOVS     R6,R0
   \   000002B2   0x6C60             LDR      R0,[R4, #+68]
   \   000002B4   0x6C21             LDR      R1,[R4, #+64]
   \   000002B6   0x.... 0x....      BL       __aeabi_fsub
   \   000002BA   0x0001             MOVS     R1,R0
   \   000002BC   0x0030             MOVS     R0,R6
   \   000002BE   0x.... 0x....      BL       __aeabi_fdiv
   \   000002C2   0x9000             STR      R0,[SP, #+0]
    121                  pec = 1;
   \   000002C4   0x2601             MOVS     R6,#+1
   \   000002C6   0xE041             B.N      ??FuzzyCtrl_16
    122                }
    123                else if (Fuzzy_S->fec <= Fuzzy_S->ecRule[6])
   \                     ??FuzzyCtrl_21: (+1)
   \   000002C8   0x6CA0             LDR      R0,[R4, #+72]
   \   000002CA   0x68A1             LDR      R1,[R4, #+8]
   \   000002CC   0x.... 0x....      BL       __aeabi_cfrcmple
   \   000002D0   0xD80F             BHI.N    ??FuzzyCtrl_22
    124                {
    125                  ecFuzzy[0] = (Fuzzy_S->ecRule[6] - Fuzzy_S->fec) / (Fuzzy_S->ecRule[6] - Fuzzy_S->ecRule[5]);
   \   000002D2   0x6CA0             LDR      R0,[R4, #+72]
   \   000002D4   0x68A1             LDR      R1,[R4, #+8]
   \   000002D6   0x.... 0x....      BL       __aeabi_fsub
   \   000002DA   0x0006             MOVS     R6,R0
   \   000002DC   0x6CA0             LDR      R0,[R4, #+72]
   \   000002DE   0x6C61             LDR      R1,[R4, #+68]
   \   000002E0   0x.... 0x....      BL       __aeabi_fsub
   \   000002E4   0x0001             MOVS     R1,R0
   \   000002E6   0x0030             MOVS     R0,R6
   \   000002E8   0x.... 0x....      BL       __aeabi_fdiv
   \   000002EC   0x9000             STR      R0,[SP, #+0]
    126                  pec = 2;
   \   000002EE   0x2602             MOVS     R6,#+2
   \   000002F0   0xE02C             B.N      ??FuzzyCtrl_16
    127                }
    128                else if (Fuzzy_S->fec <= Fuzzy_S->ecRule[7])
   \                     ??FuzzyCtrl_22: (+1)
   \   000002F2   0x6CE0             LDR      R0,[R4, #+76]
   \   000002F4   0x68A1             LDR      R1,[R4, #+8]
   \   000002F6   0x.... 0x....      BL       __aeabi_cfrcmple
   \   000002FA   0xD80F             BHI.N    ??FuzzyCtrl_23
    129                {
    130                  ecFuzzy[0] = (Fuzzy_S->ecRule[7] - Fuzzy_S->fec) / (Fuzzy_S->ecRule[7] - Fuzzy_S->ecRule[6]);
   \   000002FC   0x6CE0             LDR      R0,[R4, #+76]
   \   000002FE   0x68A1             LDR      R1,[R4, #+8]
   \   00000300   0x.... 0x....      BL       __aeabi_fsub
   \   00000304   0x0006             MOVS     R6,R0
   \   00000306   0x6CE0             LDR      R0,[R4, #+76]
   \   00000308   0x6CA1             LDR      R1,[R4, #+72]
   \   0000030A   0x.... 0x....      BL       __aeabi_fsub
   \   0000030E   0x0001             MOVS     R1,R0
   \   00000310   0x0030             MOVS     R0,R6
   \   00000312   0x.... 0x....      BL       __aeabi_fdiv
   \   00000316   0x9000             STR      R0,[SP, #+0]
    131                  pec = 3;
   \   00000318   0x2603             MOVS     R6,#+3
   \   0000031A   0xE017             B.N      ??FuzzyCtrl_16
    132                }
    133                else if (Fuzzy_S->fec <= Fuzzy_S->ecRule[8])
   \                     ??FuzzyCtrl_23: (+1)
   \   0000031C   0x6D20             LDR      R0,[R4, #+80]
   \   0000031E   0x68A1             LDR      R1,[R4, #+8]
   \   00000320   0x.... 0x....      BL       __aeabi_cfrcmple
   \   00000324   0xD80F             BHI.N    ??FuzzyCtrl_24
    134                {
    135                  ecFuzzy[0] = (Fuzzy_S->ecRule[8] - Fuzzy_S->fec) / (Fuzzy_S->ecRule[8] - Fuzzy_S->ecRule[7]);
   \   00000326   0x6D20             LDR      R0,[R4, #+80]
   \   00000328   0x68A1             LDR      R1,[R4, #+8]
   \   0000032A   0x.... 0x....      BL       __aeabi_fsub
   \   0000032E   0x0006             MOVS     R6,R0
   \   00000330   0x6D20             LDR      R0,[R4, #+80]
   \   00000332   0x6CE1             LDR      R1,[R4, #+76]
   \   00000334   0x.... 0x....      BL       __aeabi_fsub
   \   00000338   0x0001             MOVS     R1,R0
   \   0000033A   0x0030             MOVS     R0,R6
   \   0000033C   0x.... 0x....      BL       __aeabi_fdiv
   \   00000340   0x9000             STR      R0,[SP, #+0]
    136                  pec = 4;
   \   00000342   0x2604             MOVS     R6,#+4
   \   00000344   0xE002             B.N      ??FuzzyCtrl_16
    137                }
    138                else
    139                {
    140                  ecFuzzy[0] = 0;
   \                     ??FuzzyCtrl_24: (+1)
   \   00000346   0x2000             MOVS     R0,#+0
   \   00000348   0x9000             STR      R0,[SP, #+0]
    141                  pec = 4;
   \   0000034A   0x2604             MOVS     R6,#+4
    142                }
    143                
    144                ecFuzzy[1] = 1 - ecFuzzy[0];
   \                     ??FuzzyCtrl_16: (+1)
   \   0000034C   0xF05F 0x507E      MOVS     R0,#+1065353216
   \   00000350   0x9900             LDR      R1,[SP, #+0]
   \   00000352   0x.... 0x....      BL       __aeabi_fsub
   \   00000356   0x9001             STR      R0,[SP, #+4]
    145                break;
   \   00000358   0xE27B             B.N      ??FuzzyCtrl_25
    146              }//...9级隶属度
    147              
    148            case 7:
    149              {
    150                /*-----误差隶属函数描述-----*/
    151                if (Fuzzy_S->fe <= Fuzzy_S->eRule[0])		        // |x_x_x_x_x_x_x_
   \                     ??FuzzyCtrl_2: (+1)
   \   0000035A   0x68E0             LDR      R0,[R4, #+12]
   \   0000035C   0x6861             LDR      R1,[R4, #+4]
   \   0000035E   0x.... 0x....      BL       __aeabi_cfrcmple
   \   00000362   0xD805             BHI.N    ??FuzzyCtrl_26
    152                {
    153                  eFuzzy[0] = 1.0;
   \   00000364   0xF05F 0x507E      MOVS     R0,#+1065353216
   \   00000368   0x9002             STR      R0,[SP, #+8]
    154                  pe = -2;
   \   0000036A   0xF07F 0x0501      MVNS     R5,#+1
   \   0000036E   0xE087             B.N      ??FuzzyCtrl_27
    155                }
    156                else if (Fuzzy_S->fe <= Fuzzy_S->eRule[1])	        // _x|x_x_x_x_x_x_
   \                     ??FuzzyCtrl_26: (+1)
   \   00000370   0x6920             LDR      R0,[R4, #+16]
   \   00000372   0x6861             LDR      R1,[R4, #+4]
   \   00000374   0x.... 0x....      BL       __aeabi_cfrcmple
   \   00000378   0xD810             BHI.N    ??FuzzyCtrl_28
    157                {
    158                  eFuzzy[0] = (Fuzzy_S->eRule[1] - Fuzzy_S->fe) / (Fuzzy_S->eRule[1] - Fuzzy_S->eRule[0]);//逼近程度描述 归一化处理
   \   0000037A   0x6920             LDR      R0,[R4, #+16]
   \   0000037C   0x6861             LDR      R1,[R4, #+4]
   \   0000037E   0x.... 0x....      BL       __aeabi_fsub
   \   00000382   0x0005             MOVS     R5,R0
   \   00000384   0x6920             LDR      R0,[R4, #+16]
   \   00000386   0x68E1             LDR      R1,[R4, #+12]
   \   00000388   0x.... 0x....      BL       __aeabi_fsub
   \   0000038C   0x0001             MOVS     R1,R0
   \   0000038E   0x0028             MOVS     R0,R5
   \   00000390   0x.... 0x....      BL       __aeabi_fdiv
   \   00000394   0x9002             STR      R0,[SP, #+8]
    159                  pe = -2;
   \   00000396   0xF07F 0x0501      MVNS     R5,#+1
   \   0000039A   0xE071             B.N      ??FuzzyCtrl_27
    160                }
    161                else if (Fuzzy_S->fe <= Fuzzy_S->eRule[2])	        // _x_x|x_x_x_x_x_
   \                     ??FuzzyCtrl_28: (+1)
   \   0000039C   0x6960             LDR      R0,[R4, #+20]
   \   0000039E   0x6861             LDR      R1,[R4, #+4]
   \   000003A0   0x.... 0x....      BL       __aeabi_cfrcmple
   \   000003A4   0xD810             BHI.N    ??FuzzyCtrl_29
    162                {
    163                  eFuzzy[0] = (Fuzzy_S->eRule[2] - Fuzzy_S->fe) / (Fuzzy_S->eRule[2] - Fuzzy_S->eRule[1]);
   \   000003A6   0x6960             LDR      R0,[R4, #+20]
   \   000003A8   0x6861             LDR      R1,[R4, #+4]
   \   000003AA   0x.... 0x....      BL       __aeabi_fsub
   \   000003AE   0x0005             MOVS     R5,R0
   \   000003B0   0x6960             LDR      R0,[R4, #+20]
   \   000003B2   0x6921             LDR      R1,[R4, #+16]
   \   000003B4   0x.... 0x....      BL       __aeabi_fsub
   \   000003B8   0x0001             MOVS     R1,R0
   \   000003BA   0x0028             MOVS     R0,R5
   \   000003BC   0x.... 0x....      BL       __aeabi_fdiv
   \   000003C0   0x9002             STR      R0,[SP, #+8]
    164                  pe = -1;
   \   000003C2   0xF05F 0x35FF      MOVS     R5,#-1
   \   000003C6   0xE05B             B.N      ??FuzzyCtrl_27
    165                }
    166                else if (Fuzzy_S->fe <= Fuzzy_S->eRule[3])	        // _x_x_x|x_x_x_x_
   \                     ??FuzzyCtrl_29: (+1)
   \   000003C8   0x69A0             LDR      R0,[R4, #+24]
   \   000003CA   0x6861             LDR      R1,[R4, #+4]
   \   000003CC   0x.... 0x....      BL       __aeabi_cfrcmple
   \   000003D0   0xD80F             BHI.N    ??FuzzyCtrl_30
    167                {
    168                  eFuzzy[0] = (Fuzzy_S->eRule[3] - Fuzzy_S->fe) / (Fuzzy_S->eRule[3] - Fuzzy_S->eRule[2]);
   \   000003D2   0x69A0             LDR      R0,[R4, #+24]
   \   000003D4   0x6861             LDR      R1,[R4, #+4]
   \   000003D6   0x.... 0x....      BL       __aeabi_fsub
   \   000003DA   0x0005             MOVS     R5,R0
   \   000003DC   0x69A0             LDR      R0,[R4, #+24]
   \   000003DE   0x6961             LDR      R1,[R4, #+20]
   \   000003E0   0x.... 0x....      BL       __aeabi_fsub
   \   000003E4   0x0001             MOVS     R1,R0
   \   000003E6   0x0028             MOVS     R0,R5
   \   000003E8   0x.... 0x....      BL       __aeabi_fdiv
   \   000003EC   0x9002             STR      R0,[SP, #+8]
    169                  pe = 0;
   \   000003EE   0x2500             MOVS     R5,#+0
   \   000003F0   0xE046             B.N      ??FuzzyCtrl_27
    170                }
    171                else if (Fuzzy_S->fe <= Fuzzy_S->eRule[4])		        // _x_x_x_x|x_x_x_
   \                     ??FuzzyCtrl_30: (+1)
   \   000003F2   0x69E0             LDR      R0,[R4, #+28]
   \   000003F4   0x6861             LDR      R1,[R4, #+4]
   \   000003F6   0x.... 0x....      BL       __aeabi_cfrcmple
   \   000003FA   0xD80F             BHI.N    ??FuzzyCtrl_31
    172                {
    173                  eFuzzy[0] = (Fuzzy_S->eRule[4] - Fuzzy_S->fe) / (Fuzzy_S->eRule[4] - Fuzzy_S->eRule[3]);
   \   000003FC   0x69E0             LDR      R0,[R4, #+28]
   \   000003FE   0x6861             LDR      R1,[R4, #+4]
   \   00000400   0x.... 0x....      BL       __aeabi_fsub
   \   00000404   0x0005             MOVS     R5,R0
   \   00000406   0x69E0             LDR      R0,[R4, #+28]
   \   00000408   0x69A1             LDR      R1,[R4, #+24]
   \   0000040A   0x.... 0x....      BL       __aeabi_fsub
   \   0000040E   0x0001             MOVS     R1,R0
   \   00000410   0x0028             MOVS     R0,R5
   \   00000412   0x.... 0x....      BL       __aeabi_fdiv
   \   00000416   0x9002             STR      R0,[SP, #+8]
    174                  pe = 1;
   \   00000418   0x2501             MOVS     R5,#+1
   \   0000041A   0xE031             B.N      ??FuzzyCtrl_27
    175                }
    176                else if (Fuzzy_S->fe <= Fuzzy_S->eRule[5])		        // _x_x_x_x_x|x_x_
   \                     ??FuzzyCtrl_31: (+1)
   \   0000041C   0x6A20             LDR      R0,[R4, #+32]
   \   0000041E   0x6861             LDR      R1,[R4, #+4]
   \   00000420   0x.... 0x....      BL       __aeabi_cfrcmple
   \   00000424   0xD80F             BHI.N    ??FuzzyCtrl_32
    177                {
    178                  eFuzzy[0] = (Fuzzy_S->eRule[5] - Fuzzy_S->fe) / (Fuzzy_S->eRule[5] - Fuzzy_S->eRule[4]);
   \   00000426   0x6A20             LDR      R0,[R4, #+32]
   \   00000428   0x6861             LDR      R1,[R4, #+4]
   \   0000042A   0x.... 0x....      BL       __aeabi_fsub
   \   0000042E   0x0005             MOVS     R5,R0
   \   00000430   0x6A20             LDR      R0,[R4, #+32]
   \   00000432   0x69E1             LDR      R1,[R4, #+28]
   \   00000434   0x.... 0x....      BL       __aeabi_fsub
   \   00000438   0x0001             MOVS     R1,R0
   \   0000043A   0x0028             MOVS     R0,R5
   \   0000043C   0x.... 0x....      BL       __aeabi_fdiv
   \   00000440   0x9002             STR      R0,[SP, #+8]
    179                  pe = 2;
   \   00000442   0x2502             MOVS     R5,#+2
   \   00000444   0xE01C             B.N      ??FuzzyCtrl_27
    180                }
    181                else if (Fuzzy_S->fe <= Fuzzy_S->eRule[6])		        // _x_x_x_x_x_x|x_
   \                     ??FuzzyCtrl_32: (+1)
   \   00000446   0x6A60             LDR      R0,[R4, #+36]
   \   00000448   0x6861             LDR      R1,[R4, #+4]
   \   0000044A   0x.... 0x....      BL       __aeabi_cfrcmple
   \   0000044E   0xD80F             BHI.N    ??FuzzyCtrl_33
    182                {
    183                  eFuzzy[0] = (Fuzzy_S->eRule[6] - Fuzzy_S->fe) / (Fuzzy_S->eRule[6] - Fuzzy_S->eRule[5]);
   \   00000450   0x6A60             LDR      R0,[R4, #+36]
   \   00000452   0x6861             LDR      R1,[R4, #+4]
   \   00000454   0x.... 0x....      BL       __aeabi_fsub
   \   00000458   0x0005             MOVS     R5,R0
   \   0000045A   0x6A60             LDR      R0,[R4, #+36]
   \   0000045C   0x6A21             LDR      R1,[R4, #+32]
   \   0000045E   0x.... 0x....      BL       __aeabi_fsub
   \   00000462   0x0001             MOVS     R1,R0
   \   00000464   0x0028             MOVS     R0,R5
   \   00000466   0x.... 0x....      BL       __aeabi_fdiv
   \   0000046A   0x9002             STR      R0,[SP, #+8]
    184                  pe = 3;
   \   0000046C   0x2503             MOVS     R5,#+3
   \   0000046E   0xE007             B.N      ??FuzzyCtrl_27
    185                }
    186                else if (Fuzzy_S->fe >= Fuzzy_S->eRule[6])			  // _x_x_x_x_x_x_x|
   \                     ??FuzzyCtrl_33: (+1)
   \   00000470   0x6860             LDR      R0,[R4, #+4]
   \   00000472   0x6A61             LDR      R1,[R4, #+36]
   \   00000474   0x.... 0x....      BL       __aeabi_cfrcmple
   \   00000478   0xD802             BHI.N    ??FuzzyCtrl_27
    187                {
    188                  eFuzzy[0] = 0;
   \   0000047A   0x2000             MOVS     R0,#+0
   \   0000047C   0x9002             STR      R0,[SP, #+8]
    189                  pe = 3;
   \   0000047E   0x2503             MOVS     R5,#+3
    190                }
    191                eFuzzy[1] = 1 - eFuzzy[0];
   \                     ??FuzzyCtrl_27: (+1)
   \   00000480   0xF05F 0x507E      MOVS     R0,#+1065353216
   \   00000484   0x9902             LDR      R1,[SP, #+8]
   \   00000486   0x.... 0x....      BL       __aeabi_fsub
   \   0000048A   0x9003             STR      R0,[SP, #+12]
    192                
    193                /*-----误差变化率隶属函数描述-----*/
    194                if (Fuzzy_S->fec <= Fuzzy_S->ecRule[0])
   \   0000048C   0x6B20             LDR      R0,[R4, #+48]
   \   0000048E   0x68A1             LDR      R1,[R4, #+8]
   \   00000490   0x.... 0x....      BL       __aeabi_cfrcmple
   \   00000494   0xD805             BHI.N    ??FuzzyCtrl_34
    195                {
    196                  ecFuzzy[0] = 1.0;
   \   00000496   0xF05F 0x507E      MOVS     R0,#+1065353216
   \   0000049A   0x9000             STR      R0,[SP, #+0]
    197                  pec = -2;
   \   0000049C   0xF07F 0x0601      MVNS     R6,#+1
   \   000004A0   0xE082             B.N      ??FuzzyCtrl_35
    198                }
    199                else if (Fuzzy_S->fec <= Fuzzy_S->ecRule[1])
   \                     ??FuzzyCtrl_34: (+1)
   \   000004A2   0x6B60             LDR      R0,[R4, #+52]
   \   000004A4   0x68A1             LDR      R1,[R4, #+8]
   \   000004A6   0x.... 0x....      BL       __aeabi_cfrcmple
   \   000004AA   0xD810             BHI.N    ??FuzzyCtrl_36
    200                {
    201                  ecFuzzy[0] = (Fuzzy_S->ecRule[1] - Fuzzy_S->fec) / (Fuzzy_S->ecRule[1] - Fuzzy_S->ecRule[0]);
   \   000004AC   0x6B60             LDR      R0,[R4, #+52]
   \   000004AE   0x68A1             LDR      R1,[R4, #+8]
   \   000004B0   0x.... 0x....      BL       __aeabi_fsub
   \   000004B4   0x0006             MOVS     R6,R0
   \   000004B6   0x6B60             LDR      R0,[R4, #+52]
   \   000004B8   0x6B21             LDR      R1,[R4, #+48]
   \   000004BA   0x.... 0x....      BL       __aeabi_fsub
   \   000004BE   0x0001             MOVS     R1,R0
   \   000004C0   0x0030             MOVS     R0,R6
   \   000004C2   0x.... 0x....      BL       __aeabi_fdiv
   \   000004C6   0x9000             STR      R0,[SP, #+0]
    202                  pec = -2;
   \   000004C8   0xF07F 0x0601      MVNS     R6,#+1
   \   000004CC   0xE06C             B.N      ??FuzzyCtrl_35
    203                }
    204                else if (Fuzzy_S->fec <= Fuzzy_S->ecRule[2])
   \                     ??FuzzyCtrl_36: (+1)
   \   000004CE   0x6BA0             LDR      R0,[R4, #+56]
   \   000004D0   0x68A1             LDR      R1,[R4, #+8]
   \   000004D2   0x.... 0x....      BL       __aeabi_cfrcmple
   \   000004D6   0xD810             BHI.N    ??FuzzyCtrl_37
    205                {
    206                  ecFuzzy[0] = (Fuzzy_S->ecRule[2] - Fuzzy_S->fec) / (Fuzzy_S->ecRule[2] - Fuzzy_S->ecRule[1]);
   \   000004D8   0x6BA0             LDR      R0,[R4, #+56]
   \   000004DA   0x68A1             LDR      R1,[R4, #+8]
   \   000004DC   0x.... 0x....      BL       __aeabi_fsub
   \   000004E0   0x0006             MOVS     R6,R0
   \   000004E2   0x6BA0             LDR      R0,[R4, #+56]
   \   000004E4   0x6B61             LDR      R1,[R4, #+52]
   \   000004E6   0x.... 0x....      BL       __aeabi_fsub
   \   000004EA   0x0001             MOVS     R1,R0
   \   000004EC   0x0030             MOVS     R0,R6
   \   000004EE   0x.... 0x....      BL       __aeabi_fdiv
   \   000004F2   0x9000             STR      R0,[SP, #+0]
    207                  pec = -1;
   \   000004F4   0xF05F 0x36FF      MOVS     R6,#-1
   \   000004F8   0xE056             B.N      ??FuzzyCtrl_35
    208                }
    209                else if (Fuzzy_S->fec <= Fuzzy_S->ecRule[3])
   \                     ??FuzzyCtrl_37: (+1)
   \   000004FA   0x6BE0             LDR      R0,[R4, #+60]
   \   000004FC   0x68A1             LDR      R1,[R4, #+8]
   \   000004FE   0x.... 0x....      BL       __aeabi_cfrcmple
   \   00000502   0xD80F             BHI.N    ??FuzzyCtrl_38
    210                {
    211                  ecFuzzy[0] = (Fuzzy_S->ecRule[3] - Fuzzy_S->fec) / (Fuzzy_S->ecRule[3] - Fuzzy_S->ecRule[2]);
   \   00000504   0x6BE0             LDR      R0,[R4, #+60]
   \   00000506   0x68A1             LDR      R1,[R4, #+8]
   \   00000508   0x.... 0x....      BL       __aeabi_fsub
   \   0000050C   0x0006             MOVS     R6,R0
   \   0000050E   0x6BE0             LDR      R0,[R4, #+60]
   \   00000510   0x6BA1             LDR      R1,[R4, #+56]
   \   00000512   0x.... 0x....      BL       __aeabi_fsub
   \   00000516   0x0001             MOVS     R1,R0
   \   00000518   0x0030             MOVS     R0,R6
   \   0000051A   0x.... 0x....      BL       __aeabi_fdiv
   \   0000051E   0x9000             STR      R0,[SP, #+0]
    212                  pec = 0;
   \   00000520   0x2600             MOVS     R6,#+0
   \   00000522   0xE041             B.N      ??FuzzyCtrl_35
    213                }
    214                else if (Fuzzy_S->fec <= Fuzzy_S->ecRule[4])
   \                     ??FuzzyCtrl_38: (+1)
   \   00000524   0x6C20             LDR      R0,[R4, #+64]
   \   00000526   0x68A1             LDR      R1,[R4, #+8]
   \   00000528   0x.... 0x....      BL       __aeabi_cfrcmple
   \   0000052C   0xD80F             BHI.N    ??FuzzyCtrl_39
    215                {
    216                  ecFuzzy[0] = (Fuzzy_S->ecRule[4] - Fuzzy_S->fec) / (Fuzzy_S->ecRule[4] - Fuzzy_S->ecRule[3]);
   \   0000052E   0x6C20             LDR      R0,[R4, #+64]
   \   00000530   0x68A1             LDR      R1,[R4, #+8]
   \   00000532   0x.... 0x....      BL       __aeabi_fsub
   \   00000536   0x0006             MOVS     R6,R0
   \   00000538   0x6C20             LDR      R0,[R4, #+64]
   \   0000053A   0x6BE1             LDR      R1,[R4, #+60]
   \   0000053C   0x.... 0x....      BL       __aeabi_fsub
   \   00000540   0x0001             MOVS     R1,R0
   \   00000542   0x0030             MOVS     R0,R6
   \   00000544   0x.... 0x....      BL       __aeabi_fdiv
   \   00000548   0x9000             STR      R0,[SP, #+0]
    217                  pec = 1;
   \   0000054A   0x2601             MOVS     R6,#+1
   \   0000054C   0xE02C             B.N      ??FuzzyCtrl_35
    218                }
    219                else if (Fuzzy_S->fec <= Fuzzy_S->ecRule[5])
   \                     ??FuzzyCtrl_39: (+1)
   \   0000054E   0x6C60             LDR      R0,[R4, #+68]
   \   00000550   0x68A1             LDR      R1,[R4, #+8]
   \   00000552   0x.... 0x....      BL       __aeabi_cfrcmple
   \   00000556   0xD80F             BHI.N    ??FuzzyCtrl_40
    220                {
    221                  ecFuzzy[0] = (Fuzzy_S->ecRule[5] - Fuzzy_S->fec) / (Fuzzy_S->ecRule[5] - Fuzzy_S->ecRule[4]);
   \   00000558   0x6C60             LDR      R0,[R4, #+68]
   \   0000055A   0x68A1             LDR      R1,[R4, #+8]
   \   0000055C   0x.... 0x....      BL       __aeabi_fsub
   \   00000560   0x0006             MOVS     R6,R0
   \   00000562   0x6C60             LDR      R0,[R4, #+68]
   \   00000564   0x6C21             LDR      R1,[R4, #+64]
   \   00000566   0x.... 0x....      BL       __aeabi_fsub
   \   0000056A   0x0001             MOVS     R1,R0
   \   0000056C   0x0030             MOVS     R0,R6
   \   0000056E   0x.... 0x....      BL       __aeabi_fdiv
   \   00000572   0x9000             STR      R0,[SP, #+0]
    222                  pec = 2;
   \   00000574   0x2602             MOVS     R6,#+2
   \   00000576   0xE017             B.N      ??FuzzyCtrl_35
    223                }
    224                else if (Fuzzy_S->fec <= Fuzzy_S->ecRule[6])
   \                     ??FuzzyCtrl_40: (+1)
   \   00000578   0x6CA0             LDR      R0,[R4, #+72]
   \   0000057A   0x68A1             LDR      R1,[R4, #+8]
   \   0000057C   0x.... 0x....      BL       __aeabi_cfrcmple
   \   00000580   0xD80F             BHI.N    ??FuzzyCtrl_41
    225                {
    226                  ecFuzzy[0] = (Fuzzy_S->ecRule[6] - Fuzzy_S->fec) / (Fuzzy_S->ecRule[6] - Fuzzy_S->ecRule[5]);
   \   00000582   0x6CA0             LDR      R0,[R4, #+72]
   \   00000584   0x68A1             LDR      R1,[R4, #+8]
   \   00000586   0x.... 0x....      BL       __aeabi_fsub
   \   0000058A   0x0006             MOVS     R6,R0
   \   0000058C   0x6CA0             LDR      R0,[R4, #+72]
   \   0000058E   0x6C61             LDR      R1,[R4, #+68]
   \   00000590   0x.... 0x....      BL       __aeabi_fsub
   \   00000594   0x0001             MOVS     R1,R0
   \   00000596   0x0030             MOVS     R0,R6
   \   00000598   0x.... 0x....      BL       __aeabi_fdiv
   \   0000059C   0x9000             STR      R0,[SP, #+0]
    227                  pec = 3;
   \   0000059E   0x2603             MOVS     R6,#+3
   \   000005A0   0xE002             B.N      ??FuzzyCtrl_35
    228                }
    229                else
    230                {
    231                  ecFuzzy[0] = 0;
   \                     ??FuzzyCtrl_41: (+1)
   \   000005A2   0x2000             MOVS     R0,#+0
   \   000005A4   0x9000             STR      R0,[SP, #+0]
    232                  pec = 3;
   \   000005A6   0x2603             MOVS     R6,#+3
    233                }
    234                
    235                ecFuzzy[1] = 1 - ecFuzzy[0];
   \                     ??FuzzyCtrl_35: (+1)
   \   000005A8   0xF05F 0x507E      MOVS     R0,#+1065353216
   \   000005AC   0x9900             LDR      R1,[SP, #+0]
   \   000005AE   0x.... 0x....      BL       __aeabi_fsub
   \   000005B2   0x9001             STR      R0,[SP, #+4]
    236                break;
   \   000005B4   0xE14D             B.N      ??FuzzyCtrl_25
    237                
    238              }//...7级隶属度 
    239              
    240            case 5:
    241              {
    242                /*-----误差隶属函数描述-----*/
    243                if (Fuzzy_S->fe <= Fuzzy_S->eRule[0])			// |x_x_x_x_x_ 
   \                     ??FuzzyCtrl_1: (+1)
   \   000005B6   0x68E0             LDR      R0,[R4, #+12]
   \   000005B8   0x6861             LDR      R1,[R4, #+4]
   \   000005BA   0x.... 0x....      BL       __aeabi_cfrcmple
   \   000005BE   0xD805             BHI.N    ??FuzzyCtrl_42
    244                {
    245                  eFuzzy[0] = 1.0;
   \   000005C0   0xF05F 0x507E      MOVS     R0,#+1065353216
   \   000005C4   0x9002             STR      R0,[SP, #+8]
    246                  pe = -1;
   \   000005C6   0xF05F 0x35FF      MOVS     R5,#-1
   \   000005CA   0xE057             B.N      ??FuzzyCtrl_43
    247                }
    248                else if (Fuzzy_S->fe <= Fuzzy_S->eRule[1])               // _x|x_x_x_x_ 
   \                     ??FuzzyCtrl_42: (+1)
   \   000005CC   0x6920             LDR      R0,[R4, #+16]
   \   000005CE   0x6861             LDR      R1,[R4, #+4]
   \   000005D0   0x.... 0x....      BL       __aeabi_cfrcmple
   \   000005D4   0xD810             BHI.N    ??FuzzyCtrl_44
    249                {
    250                  eFuzzy[0] = (Fuzzy_S->eRule[1] - Fuzzy_S->fe) / (Fuzzy_S->eRule[1] - Fuzzy_S->eRule[0]);
   \   000005D6   0x6920             LDR      R0,[R4, #+16]
   \   000005D8   0x6861             LDR      R1,[R4, #+4]
   \   000005DA   0x.... 0x....      BL       __aeabi_fsub
   \   000005DE   0x0005             MOVS     R5,R0
   \   000005E0   0x6920             LDR      R0,[R4, #+16]
   \   000005E2   0x68E1             LDR      R1,[R4, #+12]
   \   000005E4   0x.... 0x....      BL       __aeabi_fsub
   \   000005E8   0x0001             MOVS     R1,R0
   \   000005EA   0x0028             MOVS     R0,R5
   \   000005EC   0x.... 0x....      BL       __aeabi_fdiv
   \   000005F0   0x9002             STR      R0,[SP, #+8]
    251                  pe = -1;
   \   000005F2   0xF05F 0x35FF      MOVS     R5,#-1
   \   000005F6   0xE041             B.N      ??FuzzyCtrl_43
    252                }
    253                else if (Fuzzy_S->fe <= Fuzzy_S->eRule[2])               // _x_x|x_x_x_ 
   \                     ??FuzzyCtrl_44: (+1)
   \   000005F8   0x6960             LDR      R0,[R4, #+20]
   \   000005FA   0x6861             LDR      R1,[R4, #+4]
   \   000005FC   0x.... 0x....      BL       __aeabi_cfrcmple
   \   00000600   0xD80F             BHI.N    ??FuzzyCtrl_45
    254                {
    255                  eFuzzy[0] = (Fuzzy_S->eRule[2] - Fuzzy_S->fe) / (Fuzzy_S->eRule[2] - Fuzzy_S->eRule[1]);
   \   00000602   0x6960             LDR      R0,[R4, #+20]
   \   00000604   0x6861             LDR      R1,[R4, #+4]
   \   00000606   0x.... 0x....      BL       __aeabi_fsub
   \   0000060A   0x0005             MOVS     R5,R0
   \   0000060C   0x6960             LDR      R0,[R4, #+20]
   \   0000060E   0x6921             LDR      R1,[R4, #+16]
   \   00000610   0x.... 0x....      BL       __aeabi_fsub
   \   00000614   0x0001             MOVS     R1,R0
   \   00000616   0x0028             MOVS     R0,R5
   \   00000618   0x.... 0x....      BL       __aeabi_fdiv
   \   0000061C   0x9002             STR      R0,[SP, #+8]
    256                  pe = 0;
   \   0000061E   0x2500             MOVS     R5,#+0
   \   00000620   0xE02C             B.N      ??FuzzyCtrl_43
    257                }
    258                else if (Fuzzy_S->fe <= Fuzzy_S->eRule[3])               // _x_x_x|x_x_ 
   \                     ??FuzzyCtrl_45: (+1)
   \   00000622   0x69A0             LDR      R0,[R4, #+24]
   \   00000624   0x6861             LDR      R1,[R4, #+4]
   \   00000626   0x.... 0x....      BL       __aeabi_cfrcmple
   \   0000062A   0xD80F             BHI.N    ??FuzzyCtrl_46
    259                {
    260                  eFuzzy[0] = (Fuzzy_S->eRule[3] - Fuzzy_S->fe) / (Fuzzy_S->eRule[3] - Fuzzy_S->eRule[2]);
   \   0000062C   0x69A0             LDR      R0,[R4, #+24]
   \   0000062E   0x6861             LDR      R1,[R4, #+4]
   \   00000630   0x.... 0x....      BL       __aeabi_fsub
   \   00000634   0x0005             MOVS     R5,R0
   \   00000636   0x69A0             LDR      R0,[R4, #+24]
   \   00000638   0x6961             LDR      R1,[R4, #+20]
   \   0000063A   0x.... 0x....      BL       __aeabi_fsub
   \   0000063E   0x0001             MOVS     R1,R0
   \   00000640   0x0028             MOVS     R0,R5
   \   00000642   0x.... 0x....      BL       __aeabi_fdiv
   \   00000646   0x9002             STR      R0,[SP, #+8]
    261                  pe = 1;
   \   00000648   0x2501             MOVS     R5,#+1
   \   0000064A   0xE017             B.N      ??FuzzyCtrl_43
    262                }
    263                else if (Fuzzy_S->fe <= Fuzzy_S->eRule[4])		        // _x_x_x_x|x_
   \                     ??FuzzyCtrl_46: (+1)
   \   0000064C   0x69E0             LDR      R0,[R4, #+28]
   \   0000064E   0x6861             LDR      R1,[R4, #+4]
   \   00000650   0x.... 0x....      BL       __aeabi_cfrcmple
   \   00000654   0xD80F             BHI.N    ??FuzzyCtrl_47
    264                {
    265                  eFuzzy[0] = (Fuzzy_S->eRule[4] - Fuzzy_S->fe) / (Fuzzy_S->eRule[4] - Fuzzy_S->eRule[3]);
   \   00000656   0x69E0             LDR      R0,[R4, #+28]
   \   00000658   0x6861             LDR      R1,[R4, #+4]
   \   0000065A   0x.... 0x....      BL       __aeabi_fsub
   \   0000065E   0x0005             MOVS     R5,R0
   \   00000660   0x69E0             LDR      R0,[R4, #+28]
   \   00000662   0x69A1             LDR      R1,[R4, #+24]
   \   00000664   0x.... 0x....      BL       __aeabi_fsub
   \   00000668   0x0001             MOVS     R1,R0
   \   0000066A   0x0028             MOVS     R0,R5
   \   0000066C   0x.... 0x....      BL       __aeabi_fdiv
   \   00000670   0x9002             STR      R0,[SP, #+8]
    266                  pe = 2;
   \   00000672   0x2502             MOVS     R5,#+2
   \   00000674   0xE002             B.N      ??FuzzyCtrl_43
    267                }
    268                else							// _x_x_x_x_x| 
    269                {
    270                  eFuzzy[0] = 0;
   \                     ??FuzzyCtrl_47: (+1)
   \   00000676   0x2000             MOVS     R0,#+0
   \   00000678   0x9002             STR      R0,[SP, #+8]
    271                  pe = 2;
   \   0000067A   0x2502             MOVS     R5,#+2
    272                }
    273                eFuzzy[1] = 1 - eFuzzy[0];
   \                     ??FuzzyCtrl_43: (+1)
   \   0000067C   0xF05F 0x507E      MOVS     R0,#+1065353216
   \   00000680   0x9902             LDR      R1,[SP, #+8]
   \   00000682   0x.... 0x....      BL       __aeabi_fsub
   \   00000686   0x9003             STR      R0,[SP, #+12]
    274                
    275                /*-----误差变化率隶属函数描述-----*/
    276                if (Fuzzy_S->fec <= Fuzzy_S->ecRule[0])
   \   00000688   0x6B20             LDR      R0,[R4, #+48]
   \   0000068A   0x68A1             LDR      R1,[R4, #+8]
   \   0000068C   0x.... 0x....      BL       __aeabi_cfrcmple
   \   00000690   0xD805             BHI.N    ??FuzzyCtrl_48
    277                {
    278                  ecFuzzy[0] = 1.0;
   \   00000692   0xF05F 0x507E      MOVS     R0,#+1065353216
   \   00000696   0x9000             STR      R0,[SP, #+0]
    279                  pec = -1;
   \   00000698   0xF05F 0x36FF      MOVS     R6,#-1
   \   0000069C   0xE057             B.N      ??FuzzyCtrl_49
    280                }
    281                else if (Fuzzy_S->fec <= Fuzzy_S->ecRule[1])
   \                     ??FuzzyCtrl_48: (+1)
   \   0000069E   0x6B60             LDR      R0,[R4, #+52]
   \   000006A0   0x68A1             LDR      R1,[R4, #+8]
   \   000006A2   0x.... 0x....      BL       __aeabi_cfrcmple
   \   000006A6   0xD810             BHI.N    ??FuzzyCtrl_50
    282                {
    283                  ecFuzzy[0] = (Fuzzy_S->ecRule[1] - Fuzzy_S->fec) / (Fuzzy_S->ecRule[1] - Fuzzy_S->ecRule[0]);
   \   000006A8   0x6B60             LDR      R0,[R4, #+52]
   \   000006AA   0x68A1             LDR      R1,[R4, #+8]
   \   000006AC   0x.... 0x....      BL       __aeabi_fsub
   \   000006B0   0x0006             MOVS     R6,R0
   \   000006B2   0x6B60             LDR      R0,[R4, #+52]
   \   000006B4   0x6B21             LDR      R1,[R4, #+48]
   \   000006B6   0x.... 0x....      BL       __aeabi_fsub
   \   000006BA   0x0001             MOVS     R1,R0
   \   000006BC   0x0030             MOVS     R0,R6
   \   000006BE   0x.... 0x....      BL       __aeabi_fdiv
   \   000006C2   0x9000             STR      R0,[SP, #+0]
    284                  pec = -1;
   \   000006C4   0xF05F 0x36FF      MOVS     R6,#-1
   \   000006C8   0xE041             B.N      ??FuzzyCtrl_49
    285                }
    286                else if (Fuzzy_S->fec <= Fuzzy_S->ecRule[2])
   \                     ??FuzzyCtrl_50: (+1)
   \   000006CA   0x6BA0             LDR      R0,[R4, #+56]
   \   000006CC   0x68A1             LDR      R1,[R4, #+8]
   \   000006CE   0x.... 0x....      BL       __aeabi_cfrcmple
   \   000006D2   0xD80F             BHI.N    ??FuzzyCtrl_51
    287                {
    288                  ecFuzzy[0] = (Fuzzy_S->ecRule[2] - Fuzzy_S->fec) / (Fuzzy_S->ecRule[2] - Fuzzy_S->ecRule[1]);
   \   000006D4   0x6BA0             LDR      R0,[R4, #+56]
   \   000006D6   0x68A1             LDR      R1,[R4, #+8]
   \   000006D8   0x.... 0x....      BL       __aeabi_fsub
   \   000006DC   0x0006             MOVS     R6,R0
   \   000006DE   0x6BA0             LDR      R0,[R4, #+56]
   \   000006E0   0x6B61             LDR      R1,[R4, #+52]
   \   000006E2   0x.... 0x....      BL       __aeabi_fsub
   \   000006E6   0x0001             MOVS     R1,R0
   \   000006E8   0x0030             MOVS     R0,R6
   \   000006EA   0x.... 0x....      BL       __aeabi_fdiv
   \   000006EE   0x9000             STR      R0,[SP, #+0]
    289                  pec = 0;
   \   000006F0   0x2600             MOVS     R6,#+0
   \   000006F2   0xE02C             B.N      ??FuzzyCtrl_49
    290                }
    291                else if (Fuzzy_S->fec <= Fuzzy_S->ecRule[3])
   \                     ??FuzzyCtrl_51: (+1)
   \   000006F4   0x6BE0             LDR      R0,[R4, #+60]
   \   000006F6   0x68A1             LDR      R1,[R4, #+8]
   \   000006F8   0x.... 0x....      BL       __aeabi_cfrcmple
   \   000006FC   0xD80F             BHI.N    ??FuzzyCtrl_52
    292                {
    293                  ecFuzzy[0] = (Fuzzy_S->ecRule[3] - Fuzzy_S->fec) / (Fuzzy_S->ecRule[3] - Fuzzy_S->ecRule[2]);
   \   000006FE   0x6BE0             LDR      R0,[R4, #+60]
   \   00000700   0x68A1             LDR      R1,[R4, #+8]
   \   00000702   0x.... 0x....      BL       __aeabi_fsub
   \   00000706   0x0006             MOVS     R6,R0
   \   00000708   0x6BE0             LDR      R0,[R4, #+60]
   \   0000070A   0x6BA1             LDR      R1,[R4, #+56]
   \   0000070C   0x.... 0x....      BL       __aeabi_fsub
   \   00000710   0x0001             MOVS     R1,R0
   \   00000712   0x0030             MOVS     R0,R6
   \   00000714   0x.... 0x....      BL       __aeabi_fdiv
   \   00000718   0x9000             STR      R0,[SP, #+0]
    294                  pec = 1;
   \   0000071A   0x2601             MOVS     R6,#+1
   \   0000071C   0xE017             B.N      ??FuzzyCtrl_49
    295                }
    296                else if (Fuzzy_S->fec <= Fuzzy_S->ecRule[4])
   \                     ??FuzzyCtrl_52: (+1)
   \   0000071E   0x6C20             LDR      R0,[R4, #+64]
   \   00000720   0x68A1             LDR      R1,[R4, #+8]
   \   00000722   0x.... 0x....      BL       __aeabi_cfrcmple
   \   00000726   0xD80F             BHI.N    ??FuzzyCtrl_53
    297                {
    298                  ecFuzzy[0] = (Fuzzy_S->ecRule[4] - Fuzzy_S->fec) / (Fuzzy_S->ecRule[4] - Fuzzy_S->ecRule[3]);
   \   00000728   0x6C20             LDR      R0,[R4, #+64]
   \   0000072A   0x68A1             LDR      R1,[R4, #+8]
   \   0000072C   0x.... 0x....      BL       __aeabi_fsub
   \   00000730   0x0006             MOVS     R6,R0
   \   00000732   0x6C20             LDR      R0,[R4, #+64]
   \   00000734   0x6BE1             LDR      R1,[R4, #+60]
   \   00000736   0x.... 0x....      BL       __aeabi_fsub
   \   0000073A   0x0001             MOVS     R1,R0
   \   0000073C   0x0030             MOVS     R0,R6
   \   0000073E   0x.... 0x....      BL       __aeabi_fdiv
   \   00000742   0x9000             STR      R0,[SP, #+0]
    299                  pec = 2;
   \   00000744   0x2602             MOVS     R6,#+2
   \   00000746   0xE002             B.N      ??FuzzyCtrl_49
    300                }
    301                else
    302                {
    303                  ecFuzzy[0] = 0;
   \                     ??FuzzyCtrl_53: (+1)
   \   00000748   0x2000             MOVS     R0,#+0
   \   0000074A   0x9000             STR      R0,[SP, #+0]
    304                  pec = 2;
   \   0000074C   0x2602             MOVS     R6,#+2
    305                }
    306                
    307                ecFuzzy[1] = 1 - ecFuzzy[0];
   \                     ??FuzzyCtrl_49: (+1)
   \   0000074E   0xF05F 0x507E      MOVS     R0,#+1065353216
   \   00000752   0x9900             LDR      R1,[SP, #+0]
   \   00000754   0x.... 0x....      BL       __aeabi_fsub
   \   00000758   0x9001             STR      R0,[SP, #+4]
    308                break;
   \   0000075A   0xE07A             B.N      ??FuzzyCtrl_25
    309              }//...5级隶属度
    310              
    311            case 3:
    312              {
    313                /*-----误差隶属函数描述-----*/
    314                if (Fuzzy_S->fe <= Fuzzy_S->eRule[0])			// |x_x_x_
   \                     ??FuzzyCtrl_0: (+1)
   \   0000075C   0x68E0             LDR      R0,[R4, #+12]
   \   0000075E   0x6861             LDR      R1,[R4, #+4]
   \   00000760   0x.... 0x....      BL       __aeabi_cfrcmple
   \   00000764   0xD804             BHI.N    ??FuzzyCtrl_54
    315                {
    316                  eFuzzy[0] = 1.0;
   \   00000766   0xF05F 0x507E      MOVS     R0,#+1065353216
   \   0000076A   0x9002             STR      R0,[SP, #+8]
    317                  pe = 0;
   \   0000076C   0x2500             MOVS     R5,#+0
   \   0000076E   0xE02C             B.N      ??FuzzyCtrl_55
    318                }
    319                else if (Fuzzy_S->fe <= Fuzzy_S->eRule[1])		// _x|x_x_
   \                     ??FuzzyCtrl_54: (+1)
   \   00000770   0x6920             LDR      R0,[R4, #+16]
   \   00000772   0x6861             LDR      R1,[R4, #+4]
   \   00000774   0x.... 0x....      BL       __aeabi_cfrcmple
   \   00000778   0xD80F             BHI.N    ??FuzzyCtrl_56
    320                {
    321                  eFuzzy[0] = (Fuzzy_S->eRule[1] - Fuzzy_S->fe) / (Fuzzy_S->eRule[1] - Fuzzy_S->eRule[0]);
   \   0000077A   0x6920             LDR      R0,[R4, #+16]
   \   0000077C   0x6861             LDR      R1,[R4, #+4]
   \   0000077E   0x.... 0x....      BL       __aeabi_fsub
   \   00000782   0x0005             MOVS     R5,R0
   \   00000784   0x6920             LDR      R0,[R4, #+16]
   \   00000786   0x68E1             LDR      R1,[R4, #+12]
   \   00000788   0x.... 0x....      BL       __aeabi_fsub
   \   0000078C   0x0001             MOVS     R1,R0
   \   0000078E   0x0028             MOVS     R0,R5
   \   00000790   0x.... 0x....      BL       __aeabi_fdiv
   \   00000794   0x9002             STR      R0,[SP, #+8]
    322                  pe = 0;
   \   00000796   0x2500             MOVS     R5,#+0
   \   00000798   0xE017             B.N      ??FuzzyCtrl_55
    323                }
    324                else if (Fuzzy_S->fe <= Fuzzy_S->eRule[2])		// _x_x|x_
   \                     ??FuzzyCtrl_56: (+1)
   \   0000079A   0x6960             LDR      R0,[R4, #+20]
   \   0000079C   0x6861             LDR      R1,[R4, #+4]
   \   0000079E   0x.... 0x....      BL       __aeabi_cfrcmple
   \   000007A2   0xD80F             BHI.N    ??FuzzyCtrl_57
    325                {
    326                  eFuzzy[0] = (Fuzzy_S->eRule[2] - Fuzzy_S->fe) / (Fuzzy_S->eRule[2] - Fuzzy_S->eRule[1]);
   \   000007A4   0x6960             LDR      R0,[R4, #+20]
   \   000007A6   0x6861             LDR      R1,[R4, #+4]
   \   000007A8   0x.... 0x....      BL       __aeabi_fsub
   \   000007AC   0x0005             MOVS     R5,R0
   \   000007AE   0x6960             LDR      R0,[R4, #+20]
   \   000007B0   0x6921             LDR      R1,[R4, #+16]
   \   000007B2   0x.... 0x....      BL       __aeabi_fsub
   \   000007B6   0x0001             MOVS     R1,R0
   \   000007B8   0x0028             MOVS     R0,R5
   \   000007BA   0x.... 0x....      BL       __aeabi_fdiv
   \   000007BE   0x9002             STR      R0,[SP, #+8]
    327                  pe = 1;
   \   000007C0   0x2501             MOVS     R5,#+1
   \   000007C2   0xE002             B.N      ??FuzzyCtrl_55
    328                }
    329                else							// _x_x_x|
    330                {
    331                  eFuzzy[0] = 0;
   \                     ??FuzzyCtrl_57: (+1)
   \   000007C4   0x2000             MOVS     R0,#+0
   \   000007C6   0x9002             STR      R0,[SP, #+8]
    332                  pe = 1;
   \   000007C8   0x2501             MOVS     R5,#+1
    333                }
    334                eFuzzy[1] = 1 - eFuzzy[0];
   \                     ??FuzzyCtrl_55: (+1)
   \   000007CA   0xF05F 0x507E      MOVS     R0,#+1065353216
   \   000007CE   0x9902             LDR      R1,[SP, #+8]
   \   000007D0   0x.... 0x....      BL       __aeabi_fsub
   \   000007D4   0x9003             STR      R0,[SP, #+12]
    335                
    336                /*-----误差变化率隶属函数描述-----*/
    337                if (Fuzzy_S->fec <= Fuzzy_S->ecRule[0])
   \   000007D6   0x6B20             LDR      R0,[R4, #+48]
   \   000007D8   0x68A1             LDR      R1,[R4, #+8]
   \   000007DA   0x.... 0x....      BL       __aeabi_cfrcmple
   \   000007DE   0xD804             BHI.N    ??FuzzyCtrl_58
    338                {
    339                  ecFuzzy[0] = 1.0;
   \   000007E0   0xF05F 0x507E      MOVS     R0,#+1065353216
   \   000007E4   0x9000             STR      R0,[SP, #+0]
    340                  pec = 0;
   \   000007E6   0x2600             MOVS     R6,#+0
   \   000007E8   0xE02C             B.N      ??FuzzyCtrl_59
    341                }
    342                else if (Fuzzy_S->fec <= Fuzzy_S->ecRule[1])
   \                     ??FuzzyCtrl_58: (+1)
   \   000007EA   0x6B60             LDR      R0,[R4, #+52]
   \   000007EC   0x68A1             LDR      R1,[R4, #+8]
   \   000007EE   0x.... 0x....      BL       __aeabi_cfrcmple
   \   000007F2   0xD80F             BHI.N    ??FuzzyCtrl_60
    343                {
    344                  ecFuzzy[0] = (Fuzzy_S->ecRule[1] - Fuzzy_S->fec) / (Fuzzy_S->ecRule[1] - Fuzzy_S->ecRule[0]);
   \   000007F4   0x6B60             LDR      R0,[R4, #+52]
   \   000007F6   0x68A1             LDR      R1,[R4, #+8]
   \   000007F8   0x.... 0x....      BL       __aeabi_fsub
   \   000007FC   0x0006             MOVS     R6,R0
   \   000007FE   0x6B60             LDR      R0,[R4, #+52]
   \   00000800   0x6B21             LDR      R1,[R4, #+48]
   \   00000802   0x.... 0x....      BL       __aeabi_fsub
   \   00000806   0x0001             MOVS     R1,R0
   \   00000808   0x0030             MOVS     R0,R6
   \   0000080A   0x.... 0x....      BL       __aeabi_fdiv
   \   0000080E   0x9000             STR      R0,[SP, #+0]
    345                  pec = 0;
   \   00000810   0x2600             MOVS     R6,#+0
   \   00000812   0xE017             B.N      ??FuzzyCtrl_59
    346                }
    347                else if (Fuzzy_S->fec <= Fuzzy_S->ecRule[2])
   \                     ??FuzzyCtrl_60: (+1)
   \   00000814   0x6BA0             LDR      R0,[R4, #+56]
   \   00000816   0x68A1             LDR      R1,[R4, #+8]
   \   00000818   0x.... 0x....      BL       __aeabi_cfrcmple
   \   0000081C   0xD80F             BHI.N    ??FuzzyCtrl_61
    348                {
    349                  ecFuzzy[0] = (Fuzzy_S->ecRule[2] - Fuzzy_S->fec) / (Fuzzy_S->ecRule[2] - Fuzzy_S->ecRule[1]);
   \   0000081E   0x6BA0             LDR      R0,[R4, #+56]
   \   00000820   0x68A1             LDR      R1,[R4, #+8]
   \   00000822   0x.... 0x....      BL       __aeabi_fsub
   \   00000826   0x0006             MOVS     R6,R0
   \   00000828   0x6BA0             LDR      R0,[R4, #+56]
   \   0000082A   0x6B61             LDR      R1,[R4, #+52]
   \   0000082C   0x.... 0x....      BL       __aeabi_fsub
   \   00000830   0x0001             MOVS     R1,R0
   \   00000832   0x0030             MOVS     R0,R6
   \   00000834   0x.... 0x....      BL       __aeabi_fdiv
   \   00000838   0x9000             STR      R0,[SP, #+0]
    350                  pec = 1;
   \   0000083A   0x2601             MOVS     R6,#+1
   \   0000083C   0xE002             B.N      ??FuzzyCtrl_59
    351                }
    352                else
    353                {
    354                  ecFuzzy[0] = 0;
   \                     ??FuzzyCtrl_61: (+1)
   \   0000083E   0x2000             MOVS     R0,#+0
   \   00000840   0x9000             STR      R0,[SP, #+0]
    355                  pec = 1;
   \   00000842   0x2601             MOVS     R6,#+1
    356                }
    357                
    358                ecFuzzy[1] = 1 - ecFuzzy[0];
   \                     ??FuzzyCtrl_59: (+1)
   \   00000844   0xF05F 0x507E      MOVS     R0,#+1065353216
   \   00000848   0x9900             LDR      R1,[SP, #+0]
   \   0000084A   0x.... 0x....      BL       __aeabi_fsub
   \   0000084E   0x9001             STR      R0,[SP, #+4]
    359                break;
   \   00000850   0xE7FF             B.N      ??FuzzyCtrl_25
    360              }//...3级隶属度 
    361            default: break;
    362            }//隶属度描述完成
    363            
    364            /*查询模糊规则表 rule[][]*/
    365            /*中心值由URule[]输出*/
    366            /*一般都是四个规则有效*/
    367            U1Rule[0] = Fuzzy_S->rule[pe - 1 + 3][pec - 1 + 3];
   \                     ??FuzzyCtrl_3: (+1)
   \                     ??FuzzyCtrl_25: (+1)
   \   00000852   0x2024             MOVS     R0,#+36
   \   00000854   0xFB00 0x4005      MLA      R0,R0,R5,R4
   \   00000858   0xEB10 0x0086      ADDS     R0,R0,R6, LSL #+2
   \   0000085C   0xF8D0 0x00C8      LDR      R0,[R0, #+200]
   \   00000860   0x9008             STR      R0,[SP, #+32]
    368            U1Rule[1] = Fuzzy_S->rule[pe + 3][pec - 1 + 3];
   \   00000862   0x2024             MOVS     R0,#+36
   \   00000864   0xFB00 0x4005      MLA      R0,R0,R5,R4
   \   00000868   0xEB10 0x0086      ADDS     R0,R0,R6, LSL #+2
   \   0000086C   0xF8D0 0x00EC      LDR      R0,[R0, #+236]
   \   00000870   0x9009             STR      R0,[SP, #+36]
    369            U1Rule[2] = Fuzzy_S->rule[pe - 1 + 3][pec + 3];
   \   00000872   0x2024             MOVS     R0,#+36
   \   00000874   0xFB00 0x4005      MLA      R0,R0,R5,R4
   \   00000878   0xEB10 0x0086      ADDS     R0,R0,R6, LSL #+2
   \   0000087C   0xF8D0 0x00CC      LDR      R0,[R0, #+204]
   \   00000880   0x900A             STR      R0,[SP, #+40]
    370            U1Rule[3] = Fuzzy_S->rule[pe + 3][pec + 3];
   \   00000882   0x2024             MOVS     R0,#+36
   \   00000884   0xFB00 0x4005      MLA      R0,R0,R5,R4
   \   00000888   0xEB10 0x0086      ADDS     R0,R0,R6, LSL #+2
   \   0000088C   0xF8D0 0x00F0      LDR      R0,[R0, #+240]
   \   00000890   0x900B             STR      R0,[SP, #+44]
    371            
    372            
    373            //相近隶属度
    374            if (eFuzzy[0] <= ecFuzzy[0]) // 0-0
   \   00000892   0x9800             LDR      R0,[SP, #+0]
   \   00000894   0x9902             LDR      R1,[SP, #+8]
   \   00000896   0x.... 0x....      BL       __aeabi_cfrcmple
   \   0000089A   0xD802             BHI.N    ??FuzzyCtrl_62
    375              U1Fuzzy[0] = eFuzzy[0];
   \   0000089C   0x9802             LDR      R0,[SP, #+8]
   \   0000089E   0x9004             STR      R0,[SP, #+16]
   \   000008A0   0xE001             B.N      ??FuzzyCtrl_63
    376            else
    377              U1Fuzzy[0] = ecFuzzy[0];
   \                     ??FuzzyCtrl_62: (+1)
   \   000008A2   0x9800             LDR      R0,[SP, #+0]
   \   000008A4   0x9004             STR      R0,[SP, #+16]
    378            
    379            if (eFuzzy[1] <= ecFuzzy[0]) // 1-0
   \                     ??FuzzyCtrl_63: (+1)
   \   000008A6   0x9800             LDR      R0,[SP, #+0]
   \   000008A8   0x9903             LDR      R1,[SP, #+12]
   \   000008AA   0x.... 0x....      BL       __aeabi_cfrcmple
   \   000008AE   0xD802             BHI.N    ??FuzzyCtrl_64
    380              U1Fuzzy[1] = eFuzzy[1];
   \   000008B0   0x9803             LDR      R0,[SP, #+12]
   \   000008B2   0x9005             STR      R0,[SP, #+20]
   \   000008B4   0xE001             B.N      ??FuzzyCtrl_65
    381            else
    382              U1Fuzzy[1] = ecFuzzy[0];
   \                     ??FuzzyCtrl_64: (+1)
   \   000008B6   0x9800             LDR      R0,[SP, #+0]
   \   000008B8   0x9005             STR      R0,[SP, #+20]
    383            
    384            if (eFuzzy[0] <= ecFuzzy[1]) // 0-1
   \                     ??FuzzyCtrl_65: (+1)
   \   000008BA   0x9801             LDR      R0,[SP, #+4]
   \   000008BC   0x9902             LDR      R1,[SP, #+8]
   \   000008BE   0x.... 0x....      BL       __aeabi_cfrcmple
   \   000008C2   0xD802             BHI.N    ??FuzzyCtrl_66
    385              U1Fuzzy[2] = eFuzzy[0];
   \   000008C4   0x9802             LDR      R0,[SP, #+8]
   \   000008C6   0x9006             STR      R0,[SP, #+24]
   \   000008C8   0xE001             B.N      ??FuzzyCtrl_67
    386            else
    387              U1Fuzzy[2] = ecFuzzy[1];
   \                     ??FuzzyCtrl_66: (+1)
   \   000008CA   0x9801             LDR      R0,[SP, #+4]
   \   000008CC   0x9006             STR      R0,[SP, #+24]
    388            
    389            if (eFuzzy[1] <= ecFuzzy[1]) // 1-1
   \                     ??FuzzyCtrl_67: (+1)
   \   000008CE   0x9801             LDR      R0,[SP, #+4]
   \   000008D0   0x9903             LDR      R1,[SP, #+12]
   \   000008D2   0x.... 0x....      BL       __aeabi_cfrcmple
   \   000008D6   0xD802             BHI.N    ??FuzzyCtrl_68
    390              U1Fuzzy[3] = eFuzzy[1];
   \   000008D8   0x9803             LDR      R0,[SP, #+12]
   \   000008DA   0x9007             STR      R0,[SP, #+28]
   \   000008DC   0xE001             B.N      ??FuzzyCtrl_69
    391            else
    392              U1Fuzzy[3] = ecFuzzy[1];
   \                     ??FuzzyCtrl_68: (+1)
   \   000008DE   0x9801             LDR      R0,[SP, #+4]
   \   000008E0   0x9007             STR      R0,[SP, #+28]
    393            
    394            /*同隶属函数输出语言值求大*/
    395            
    396            if (U1Rule[0] == U1Rule[1])
   \                     ??FuzzyCtrl_69: (+1)
   \   000008E2   0x9808             LDR      R0,[SP, #+32]
   \   000008E4   0x9909             LDR      R1,[SP, #+36]
   \   000008E6   0x4288             CMP      R0,R1
   \   000008E8   0xD109             BNE.N    ??FuzzyCtrl_70
    397            {
    398              if (U1Fuzzy[0]>U1Fuzzy[1])
   \   000008EA   0x9805             LDR      R0,[SP, #+20]
   \   000008EC   0x9904             LDR      R1,[SP, #+16]
   \   000008EE   0x.... 0x....      BL       __aeabi_cfcmple
   \   000008F2   0xD202             BCS.N    ??FuzzyCtrl_71
    399                U1Fuzzy[1] = 0;
   \   000008F4   0x2000             MOVS     R0,#+0
   \   000008F6   0x9005             STR      R0,[SP, #+20]
   \   000008F8   0xE001             B.N      ??FuzzyCtrl_70
    400              else
    401                U1Fuzzy[0] = 0;
   \                     ??FuzzyCtrl_71: (+1)
   \   000008FA   0x2000             MOVS     R0,#+0
   \   000008FC   0x9004             STR      R0,[SP, #+16]
    402            }
    403            if (U1Rule[0] == U1Rule[2])
   \                     ??FuzzyCtrl_70: (+1)
   \   000008FE   0x9808             LDR      R0,[SP, #+32]
   \   00000900   0x990A             LDR      R1,[SP, #+40]
   \   00000902   0x4288             CMP      R0,R1
   \   00000904   0xD109             BNE.N    ??FuzzyCtrl_72
    404            {
    405              if (U1Fuzzy[0]>U1Fuzzy[2])
   \   00000906   0x9806             LDR      R0,[SP, #+24]
   \   00000908   0x9904             LDR      R1,[SP, #+16]
   \   0000090A   0x.... 0x....      BL       __aeabi_cfcmple
   \   0000090E   0xD202             BCS.N    ??FuzzyCtrl_73
    406                U1Fuzzy[2] = 0;
   \   00000910   0x2000             MOVS     R0,#+0
   \   00000912   0x9006             STR      R0,[SP, #+24]
   \   00000914   0xE001             B.N      ??FuzzyCtrl_72
    407              else
    408                U1Fuzzy[0] = 0;
   \                     ??FuzzyCtrl_73: (+1)
   \   00000916   0x2000             MOVS     R0,#+0
   \   00000918   0x9004             STR      R0,[SP, #+16]
    409            }
    410            if (U1Rule[0] == U1Rule[3])
   \                     ??FuzzyCtrl_72: (+1)
   \   0000091A   0x9808             LDR      R0,[SP, #+32]
   \   0000091C   0x990B             LDR      R1,[SP, #+44]
   \   0000091E   0x4288             CMP      R0,R1
   \   00000920   0xD109             BNE.N    ??FuzzyCtrl_74
    411            {
    412              if (U1Fuzzy[0]>U1Fuzzy[3])
   \   00000922   0x9807             LDR      R0,[SP, #+28]
   \   00000924   0x9904             LDR      R1,[SP, #+16]
   \   00000926   0x.... 0x....      BL       __aeabi_cfcmple
   \   0000092A   0xD202             BCS.N    ??FuzzyCtrl_75
    413                U1Fuzzy[3] = 0;
   \   0000092C   0x2000             MOVS     R0,#+0
   \   0000092E   0x9007             STR      R0,[SP, #+28]
   \   00000930   0xE001             B.N      ??FuzzyCtrl_74
    414              else
    415                U1Fuzzy[0] = 0;
   \                     ??FuzzyCtrl_75: (+1)
   \   00000932   0x2000             MOVS     R0,#+0
   \   00000934   0x9004             STR      R0,[SP, #+16]
    416            }
    417            if (U1Rule[1] == U1Rule[2])
   \                     ??FuzzyCtrl_74: (+1)
   \   00000936   0x9809             LDR      R0,[SP, #+36]
   \   00000938   0x990A             LDR      R1,[SP, #+40]
   \   0000093A   0x4288             CMP      R0,R1
   \   0000093C   0xD109             BNE.N    ??FuzzyCtrl_76
    418            {
    419              if (U1Fuzzy[1]>U1Fuzzy[2])
   \   0000093E   0x9806             LDR      R0,[SP, #+24]
   \   00000940   0x9905             LDR      R1,[SP, #+20]
   \   00000942   0x.... 0x....      BL       __aeabi_cfcmple
   \   00000946   0xD202             BCS.N    ??FuzzyCtrl_77
    420                U1Fuzzy[2] = 0;
   \   00000948   0x2000             MOVS     R0,#+0
   \   0000094A   0x9006             STR      R0,[SP, #+24]
   \   0000094C   0xE001             B.N      ??FuzzyCtrl_76
    421              else
    422                U1Fuzzy[1] = 0;
   \                     ??FuzzyCtrl_77: (+1)
   \   0000094E   0x2000             MOVS     R0,#+0
   \   00000950   0x9005             STR      R0,[SP, #+20]
    423            }
    424            if (U1Rule[1] == U1Rule[3])
   \                     ??FuzzyCtrl_76: (+1)
   \   00000952   0x9809             LDR      R0,[SP, #+36]
   \   00000954   0x990B             LDR      R1,[SP, #+44]
   \   00000956   0x4288             CMP      R0,R1
   \   00000958   0xD109             BNE.N    ??FuzzyCtrl_78
    425            {
    426              if (U1Fuzzy[1]>U1Fuzzy[3])
   \   0000095A   0x9807             LDR      R0,[SP, #+28]
   \   0000095C   0x9905             LDR      R1,[SP, #+20]
   \   0000095E   0x.... 0x....      BL       __aeabi_cfcmple
   \   00000962   0xD202             BCS.N    ??FuzzyCtrl_79
    427                U1Fuzzy[3] = 0;
   \   00000964   0x2000             MOVS     R0,#+0
   \   00000966   0x9007             STR      R0,[SP, #+28]
   \   00000968   0xE001             B.N      ??FuzzyCtrl_78
    428              else
    429                U1Fuzzy[1] = 0;
   \                     ??FuzzyCtrl_79: (+1)
   \   0000096A   0x2000             MOVS     R0,#+0
   \   0000096C   0x9005             STR      R0,[SP, #+20]
    430            }
    431            if (U1Rule[2] == U1Rule[3])
   \                     ??FuzzyCtrl_78: (+1)
   \   0000096E   0x980A             LDR      R0,[SP, #+40]
   \   00000970   0x990B             LDR      R1,[SP, #+44]
   \   00000972   0x4288             CMP      R0,R1
   \   00000974   0xD109             BNE.N    ??FuzzyCtrl_80
    432            {
    433              if (U1Fuzzy[2]>U1Fuzzy[3])
   \   00000976   0x9807             LDR      R0,[SP, #+28]
   \   00000978   0x9906             LDR      R1,[SP, #+24]
   \   0000097A   0x.... 0x....      BL       __aeabi_cfcmple
   \   0000097E   0xD202             BCS.N    ??FuzzyCtrl_81
    434                U1Fuzzy[3] = 0;
   \   00000980   0x2000             MOVS     R0,#+0
   \   00000982   0x9007             STR      R0,[SP, #+28]
   \   00000984   0xE001             B.N      ??FuzzyCtrl_80
    435              else
    436                U1Fuzzy[2] = 0;
   \                     ??FuzzyCtrl_81: (+1)
   \   00000986   0x2000             MOVS     R0,#+0
   \   00000988   0x9006             STR      R0,[SP, #+24]
    437            }
    438            
    439            /*重心法反模糊*/
    440            /*U1Rule[]原值为输出隶属函数标号，转换为URule[]隶属函数值*/
    441            if (U1Rule[0] >= 0)
   \                     ??FuzzyCtrl_80: (+1)
   \   0000098A   0x9808             LDR      R0,[SP, #+32]
   \   0000098C   0x2800             CMP      R0,#+0
   \   0000098E   0xD405             BMI.N    ??FuzzyCtrl_82
    442              QRule[0] = Fuzzy_S->URule[U1Rule[0]];
   \   00000990   0x9808             LDR      R0,[SP, #+32]
   \   00000992   0xEB14 0x0080      ADDS     R0,R4,R0, LSL #+2
   \   00000996   0x6D40             LDR      R0,[R0, #+84]
   \   00000998   0x900C             STR      R0,[SP, #+48]
   \   0000099A   0xE007             B.N      ??FuzzyCtrl_83
    443            else
    444              QRule[0] = -(Fuzzy_S->URule[-U1Rule[0]]);
   \                     ??FuzzyCtrl_82: (+1)
   \   0000099C   0x9808             LDR      R0,[SP, #+32]
   \   0000099E   0x4240             RSBS     R0,R0,#+0
   \   000009A0   0xEB14 0x0080      ADDS     R0,R4,R0, LSL #+2
   \   000009A4   0x6D40             LDR      R0,[R0, #+84]
   \   000009A6   0xF090 0x4000      EORS     R0,R0,#0x80000000
   \   000009AA   0x900C             STR      R0,[SP, #+48]
    445            
    446            if (U1Rule[1] >= 0)
   \                     ??FuzzyCtrl_83: (+1)
   \   000009AC   0x9809             LDR      R0,[SP, #+36]
   \   000009AE   0x2800             CMP      R0,#+0
   \   000009B0   0xD405             BMI.N    ??FuzzyCtrl_84
    447              QRule[1] = Fuzzy_S->URule[U1Rule[1]];
   \   000009B2   0x9809             LDR      R0,[SP, #+36]
   \   000009B4   0xEB14 0x0080      ADDS     R0,R4,R0, LSL #+2
   \   000009B8   0x6D40             LDR      R0,[R0, #+84]
   \   000009BA   0x900D             STR      R0,[SP, #+52]
   \   000009BC   0xE007             B.N      ??FuzzyCtrl_85
    448            else
    449              QRule[1] = -(Fuzzy_S->URule[-U1Rule[1]]);
   \                     ??FuzzyCtrl_84: (+1)
   \   000009BE   0x9809             LDR      R0,[SP, #+36]
   \   000009C0   0x4240             RSBS     R0,R0,#+0
   \   000009C2   0xEB14 0x0080      ADDS     R0,R4,R0, LSL #+2
   \   000009C6   0x6D40             LDR      R0,[R0, #+84]
   \   000009C8   0xF090 0x4000      EORS     R0,R0,#0x80000000
   \   000009CC   0x900D             STR      R0,[SP, #+52]
    450            
    451            if (U1Rule[2] >= 0)
   \                     ??FuzzyCtrl_85: (+1)
   \   000009CE   0x980A             LDR      R0,[SP, #+40]
   \   000009D0   0x2800             CMP      R0,#+0
   \   000009D2   0xD405             BMI.N    ??FuzzyCtrl_86
    452              QRule[2] = Fuzzy_S->URule[U1Rule[2]];
   \   000009D4   0x980A             LDR      R0,[SP, #+40]
   \   000009D6   0xEB14 0x0080      ADDS     R0,R4,R0, LSL #+2
   \   000009DA   0x6D40             LDR      R0,[R0, #+84]
   \   000009DC   0x900E             STR      R0,[SP, #+56]
   \   000009DE   0xE007             B.N      ??FuzzyCtrl_87
    453            else
    454              QRule[2] = -(Fuzzy_S->URule[-U1Rule[2]]);
   \                     ??FuzzyCtrl_86: (+1)
   \   000009E0   0x980A             LDR      R0,[SP, #+40]
   \   000009E2   0x4240             RSBS     R0,R0,#+0
   \   000009E4   0xEB14 0x0080      ADDS     R0,R4,R0, LSL #+2
   \   000009E8   0x6D40             LDR      R0,[R0, #+84]
   \   000009EA   0xF090 0x4000      EORS     R0,R0,#0x80000000
   \   000009EE   0x900E             STR      R0,[SP, #+56]
    455            
    456            if (U1Rule[3] >= 0)
   \                     ??FuzzyCtrl_87: (+1)
   \   000009F0   0x980B             LDR      R0,[SP, #+44]
   \   000009F2   0x2800             CMP      R0,#+0
   \   000009F4   0xD405             BMI.N    ??FuzzyCtrl_88
    457              QRule[3] = Fuzzy_S->URule[U1Rule[3]];
   \   000009F6   0x980B             LDR      R0,[SP, #+44]
   \   000009F8   0xEB14 0x0080      ADDS     R0,R4,R0, LSL #+2
   \   000009FC   0x6D40             LDR      R0,[R0, #+84]
   \   000009FE   0x900F             STR      R0,[SP, #+60]
   \   00000A00   0xE007             B.N      ??FuzzyCtrl_89
    458            else
    459              QRule[3] = -(Fuzzy_S->URule[-U1Rule[3]]);
   \                     ??FuzzyCtrl_88: (+1)
   \   00000A02   0x980B             LDR      R0,[SP, #+44]
   \   00000A04   0x4240             RSBS     R0,R0,#+0
   \   00000A06   0xEB14 0x0080      ADDS     R0,R4,R0, LSL #+2
   \   00000A0A   0x6D40             LDR      R0,[R0, #+84]
   \   00000A0C   0xF090 0x4000      EORS     R0,R0,#0x80000000
   \   00000A10   0x900F             STR      R0,[SP, #+60]
    460            
    461            temp1 = U1Fuzzy[0] * QRule[0] + U1Fuzzy[1] * QRule[1] + U1Fuzzy[2] * QRule[2] + U1Fuzzy[3] * QRule[3];
   \                     ??FuzzyCtrl_89: (+1)
   \   00000A12   0x9904             LDR      R1,[SP, #+16]
   \   00000A14   0x980C             LDR      R0,[SP, #+48]
   \   00000A16   0x.... 0x....      BL       __aeabi_fmul
   \   00000A1A   0x0004             MOVS     R4,R0
   \   00000A1C   0x9905             LDR      R1,[SP, #+20]
   \   00000A1E   0x980D             LDR      R0,[SP, #+52]
   \   00000A20   0x.... 0x....      BL       __aeabi_fmul
   \   00000A24   0x0021             MOVS     R1,R4
   \   00000A26   0x.... 0x....      BL       __aeabi_fadd
   \   00000A2A   0x0004             MOVS     R4,R0
   \   00000A2C   0x9906             LDR      R1,[SP, #+24]
   \   00000A2E   0x980E             LDR      R0,[SP, #+56]
   \   00000A30   0x.... 0x....      BL       __aeabi_fmul
   \   00000A34   0x0021             MOVS     R1,R4
   \   00000A36   0x.... 0x....      BL       __aeabi_fadd
   \   00000A3A   0x0004             MOVS     R4,R0
   \   00000A3C   0x9907             LDR      R1,[SP, #+28]
   \   00000A3E   0x980F             LDR      R0,[SP, #+60]
   \   00000A40   0x.... 0x....      BL       __aeabi_fmul
   \   00000A44   0x0021             MOVS     R1,R4
   \   00000A46   0x.... 0x....      BL       __aeabi_fadd
   \   00000A4A   0x0004             MOVS     R4,R0
    462            temp2 = U1Fuzzy[0] + U1Fuzzy[1] + U1Fuzzy[2] + U1Fuzzy[3];
   \   00000A4C   0x9904             LDR      R1,[SP, #+16]
   \   00000A4E   0x9805             LDR      R0,[SP, #+20]
   \   00000A50   0x.... 0x....      BL       __aeabi_fadd
   \   00000A54   0x9906             LDR      R1,[SP, #+24]
   \   00000A56   0x.... 0x....      BL       __aeabi_fadd
   \   00000A5A   0x9907             LDR      R1,[SP, #+28]
   \   00000A5C   0x.... 0x....      BL       __aeabi_fadd
   \   00000A60   0x0001             MOVS     R1,R0
    463            U = temp1 / temp2;
   \   00000A62   0x0020             MOVS     R0,R4
   \   00000A64   0x.... 0x....      BL       __aeabi_fdiv
    464            return U;
   \   00000A68   0xB010             ADD      SP,SP,#+64
   \   00000A6A   0xBD70             POP      {R4-R6,PC}       ;; return
    465          }
    466          
    467          /**********************************************************************
    468          * 函数名称：Fuzzy_Update
    469          * 函数功能：模糊控制更新
    470          * 入口参数：FuzzyStruct* F_S
    471          ek
    472          ekc
    473          * 出口参数：Fuzzy Value
    474          **********************************************************************/

   \                                 In section .text, align 2, keep-with-next
    475          float Fuzzy_Update(FuzzyStruct* F_S, float ek, float ekc)
    476          {
   \                     Fuzzy_Update: (+1)
   \   00000000   0xB510             PUSH     {R4,LR}
    477            float value = 0;
   \   00000002   0x2400             MOVS     R4,#+0
    478            F_S->fe = ek;
   \   00000004   0x6041             STR      R1,[R0, #+4]
    479            F_S->fec = ekc;
   \   00000006   0x6082             STR      R2,[R0, #+8]
    480            value = FuzzyCtrl(F_S);
   \   00000008   0x.... 0x....      BL       FuzzyCtrl
   \   0000000C   0x0004             MOVS     R4,R0
    481            return value;
   \   0000000E   0x0020             MOVS     R0,R4
   \   00000010   0xBD10             POP      {R4,PC}          ;; return
    482          }

   \                                 In section .rodata, align 4
   \   00000000   0x00000000         DC32 0H, 0H
   \              0x00000000   

   \                                 In section .rodata, align 4
   \   00000000   0x00000000         DC32 0H, 0H
   \              0x00000000   

   \                                 In section .rodata, align 4
   \   00000000   0x00000000         DC32 0H, 0H, 0H, 0H
   \              0x00000000   
   \              0x00000000   
   \              0x00000000   

   \                                 In section .rodata, align 4
   \   00000000   0x00000000         DC32 0H, 0H, 0H, 0H
   \              0x00000000   
   \              0x00000000   
   \              0x00000000   

   \                                 In section .rodata, align 4
   \   00000000   0x00000000         DC32 0, 0, 0, 0
   \              0x00000000   
   \              0x00000000   
   \              0x00000000   

   Maximum stack usage in bytes:

   .cstack Function
   ------- --------
      80   FuzzyCtrl
        80   -> __aeabi_fadd
        80   -> __aeabi_fdiv
        80   -> __aeabi_fmul
        80   -> __aeabi_fsub
        80   -> __aeabi_memclr4
        80 __aeabi_cfcmple
        80 __aeabi_cfrcmple
       8   Fuzzy_Update
         8   -> FuzzyCtrl


   Section sizes:

   Bytes  Function/Label
   -----  --------------
       8  ?_0
       8  ?_1
      16  ?_2
      16  ?_3
      16  ?_4
    2668  FuzzyCtrl
      18  Fuzzy_Update

 
    64 bytes in section .rodata
 2 686 bytes in section .text
 
 2 686 bytes of CODE  memory
    64 bytes of CONST memory

Errors: none
Warnings: none
